Unknown command: C
 ( 4b)  95980 : weapons\smg1\smg1_fire1.wav
 ( 4b)  95980 : ^weapons\smg1\smg1_fire1.wav
 ( 4b) 160508 : weapons\pistol\pistol_fire2.wav
 ( 4b) 113648 : weapons\ar2\fire1.wav
 ( 1b)  12138 : weapons\crossbow\fire1.wav
 ( 1b)  32097 : weapons\gauss\fire1.wav
 ( 2b)  24558 : vehicles\junker\radar_ping_friendly1.wav
 ( 2b) 261072 : *vo\npc\vortigaunt\allowrecharge.wav
 ( 2b) 154292 : *vo\npc\vortigaunt\wewillcharge.wav
 ( 2b) 210034 : *vo\npc\vortigaunt\fmcanuse.wav
 ( 2b)  76558 : *vo\npc\vortigaunt\here.wav
 ( 2b) 183456 : *vo\npc\vortigaunt\acceptenergy.wav
 ( 2b) 102430 : *vo\npc\vortigaunt\holdstill.wav
 ( 2b) 173108 : *vo\npc\vortigaunt\acceptcharge.wav
 ( 2b) 206976 : *vo\npc\vortigaunt\weshare.wav
 ( 2b) 226028 : *vo\npc\vortigaunt\prepare.wav
 ( 2b) 178752 : *vo\npc\vortigaunt\allwecanspare.wav
 ( 2b) 143002 : *vo\npc\vortigaunt\allfornow.wav
 ( 2b) 109134 : *vo\npc\vortigaunt\thatisall.wav
 ( 2b)  70560 : *vo\npc\vortigaunt\done.wav
 ( 2b) 230492 : *vo\npc\vortigaunt\keepfmsafe.wav
 ( 2b) 256236 : *vo\npc\vortigaunt\holdorcantcharge.wav
 ( 2b)  64028 : *vo\npc\vortigaunt\hold.wav
 ( 2b)  74328 : *vo\npc\vortigaunt\halt.wav
 ( 2b) 207006 : *vo\npc\vortigaunt\fmstandstill.wav
 ( 2b) 234294 : *vo\npc\vortigaunt\ifyoumove.wav
 ( 2b) 242076 : *vo\npc\vortigaunt\movingtarget.wav
 ( 2b) 131712 : *vo\npc\vortigaunt\tothevoid.wav
 ( 2b) 165582 : *vo\npc\vortigaunt\allinoneinall.wav
 ( 2b) 165112 : *vo\npc\vortigaunt\giveover.wav
 ( 2b) 142532 : *vo\npc\vortigaunt\weclaimyou.wav
 ( 2b) 205096 : *vo\npc\vortigaunt\undeserving.wav
 ( 2b) 161348 : *vo\npc\vortigaunt\satisfaction.wav
 ( 2b) 150528 : *vo\npc\vortigaunt\regrettable.wav
 ( 2b) 235200 : *vo\npc\vortigaunt\returnvoid.wav
 ( 2b) 173108 : *vo\npc\vortigaunt\forthefm.wav
 ( 2b) 109368 : *vo\npc\vortigaunt\forfreedom.wav
 ( 2b) 135006 : *vo\npc\vortigaunt\tethercut.wav
 ( 2b) 209564 : *vo\npc\vortigaunt\troubleus.wav
 ( 2b) 169344 : *vo\npc\vortigaunt\dreamed.wav
 ( 2b) 272832 : *vo\npc\vortigaunt\energyempower.wav
 ( 2b) 173108 : *vo\npc\vortigaunt\empowerus.wav
 ( 2b) 162524 : *vo\npc\vortigaunt\surge.wav
 ( 2b)  92200 : *vo\npc\vortigaunt\yes.wav
 ( 2b)  99726 : *vo\npc\vortigaunt\passon.wav
 ( 2b) 223676 : *vo\npc\vortigaunt\nodenexus.wav
 ( 2b) 168404 : *vo\npc\vortigaunt\returntoall.wav
 ( 2b) 188370 : *vo\npc\vortigaunt\cautionfm.wav
 ( 2b)  92294 : *vo\npc\vortigaunt\caution.wav
 ( 2b) 134062 : *vo\npc\vortigaunt\fmbeware.wav
 ( 2b)  95384 : *vo\npc\vortigaunt\ware.wav
 ( 2b) 186614 : *vo\npc\vortigaunt\fmmustbeware.wav
 ( 2b) 131738 : *vo\npc\vortigaunt\warefm.wav
 ( 2b) 178772 : *vo\npc\vortigaunt\fminway.wav
 ( 2b) 199486 : *vo\npc\vortigaunt\standclear.wav
 ( 2b) 158064 : *vo\npc\vortigaunt\fmmustmove.wav
 ( 2b) 158092 : *vo\npc\vortigaunt\warningfm.wav
 ( 2b) 282260 : *vo\npc\vortigaunt\cannotfire.wav
 ( 2b) 212622 : *vo\npc\vortigaunt\prevail.wav
 ( 2b) 222718 : *vo\npc\vortigaunt\honorfollow.wav
 ( 2b) 154652 : *vo\npc\vortigaunt\accompany.wav
 ( 2b) 124374 : *vo\npc\vortigaunt\gladly.wav
 ( 2b) 130770 : *vo\npc\vortigaunt\pleasure.wav
 ( 2b) 191960 : *vo\npc\vortigaunt\wefollowfm.wav
 ( 2b) 225926 : *vo\npc\vortigaunt\honorours.wav
 ( 2b) 167480 : *vo\npc\vortigaunt\gloriousend.wav
 ( 2b) 239020 : *vo\npc\vortigaunt\bodyyours.wav
 ( 2b) 188218 : *vo\npc\vortigaunt\allwehave.wav
 ( 2b) 175198 : *vo\npc\vortigaunt\weareyours.wav
 ( 2b) 267254 : *vo\npc\vortigaunt\dedicate.wav
 ( 2b) 206984 : *vo\npc\vortigaunt\mutual.wav
 ( 2b) 103504 : *vo\npc\vortigaunt\leadus.wav
 ( 2b)  82804 : *vo\npc\vortigaunt\onward.wav
 ( 2b)  88458 : *vo\npc\vortigaunt\forward.wav
 ( 2b) 173130 : *vo\npc\vortigaunt\propitious.wav
 ( 2b)  88502 : *vo\npc\vortigaunt\leadon.wav
 ( 2b) 158072 : *vo\npc\vortigaunt\fmhonorsus.wav
 ( 2b) 192876 : *vo\npc\vortigaunt\fmdoesushonor.wav
 ( 2b) 111200 : *vo\npc\vortigaunt\yesforward.wav
 ( 2b) 128142 : *vo\npc\vortigaunt\wewillhelp.wav
 ( 2b) 101770 : *vo\npc\vortigaunt\assent.wav
 ( 2b) 212714 : *vo\npc\vortigaunt\fmknowsbest.wav
 ( 2b) 122338 : *vo\npc\vortigaunt\herewestay.wav
 ( 2b) 178752 : *vo\npc\vortigaunt\ourplacehere.wav
 ( 2b) 177000 : *vo\npc\vortigaunt\fmmustfollow.wav
 ( 2b) 135766 : *vo\npc\vortigaunt\followfm.wav
 ( 2b)  78772 : *vo\npc\vortigaunt\freeman.wav
 ( 2b)  33124 : *vo\npc\male01\freeman.wav
 ( 2b)  39638 : *vo\npc\female01\freeman.wav
 ( 2b) 189044 : *vo\npc\vortigaunt\vortigese02.wav
 ( 2b) 134026 : *vo\npc\vortigaunt\vortigese03.wav
 ( 2b) 163798 : *vo\npc\vortigaunt\vortigese04.wav
 ( 2b) 132136 : *vo\npc\vortigaunt\vortigese05.wav
 ( 2b) 141818 : *vo\npc\vortigaunt\vortigese07.wav
 ( 2b) 246516 : *vo\npc\vortigaunt\vortigese08.wav
 ( 2b) 195498 : *vo\npc\vortigaunt\vortigese09.wav
 ( 2b)  41482 : weapons\pistol\pistol_reload1.wav
 ( 2b)  95962 : *vo\npc\vortigaunt\alert.wav
 ( 2b) 451608 : *vo\outland_11a\silo\vort_silo_maghonor02.wav
 ( 2b) 339586 : *vo\outland_11a\silo\vort_silo_maghonor03.wav
 ( 2b) 322696 : *vo\outland_03_04\tunnels\vort_combat_combined01.wav
 ( 2b) 265306 : *vo\outland_03_04\tunnels\vort_combat_combined02.wav
 ( 2b) 250288 : *vo\npc\vortigaunt\vort_goodfightwithus.wav
 ( 2b) 186306 : *vo\npc\vortigaunt\vort_skillsformidable.wav
 ( 2b) 278576 : *vo\npc\vortigaunt\vort_goodtogether.wav
 ( 2b) 131852 : *vo\npc\vortigaunt\vort_excellent.wav
 ( 2b) 142952 : *vo\npc\vortigaunt\vort_excellentshooting.wav
 ( 2b) 103720 : *vo\npc\vortigaunt\vort_excellentshot.wav
 ( 2b) 158042 : *vo\npc\vortigaunt\vort_exceptional.wav
 ( 2b) 373124 : *vo\outland_02\junction\vort_junc_fmcomecloser02.wav
 ( 2b) 189494 : *vo\outland_02\junction\vort_junc_fmcomecloser01.wav
 ( 2b) 122336 : *vo\outland_02\junction\vort_junc_fmsignature01.wav
 ( 2b) 141252 : *vo\outland_02\junction\vort_junc_fmsignature02.wav
 ( 2b) 241016 : *vo\outland_02\junction\vort_junc_fmsignature03.wav
 ( 2b) 278238 : *vo\outland_02\junction\vort_junc_fmsignature04.wav
 ( 2b) 178606 : *vo\outland_02\junction\vort_junc_closerfm.wav
 ( 2b) 233012 : *vo\outland_02\junction\vort_junc_inamongus.wav
 ( 2b) 200614 : *vo\outland_02\junction\vort_junc_fmstandnear.wav
 ( 2b) 181038 : *vo\outland_02\junction\vort_turret_helpcall01.wav
 ( 2b) 215442 : *vo\outland_02\junction\vort_turret_helpcall04.wav
 ( 2b) 159952 : *vo\outland_02\junction\vort_turret_defendus.wav
 ( 2b) 227236 : *vo\outland_02\junction\vort_turret_protectalyx.wav
 ( 2b) 209034 : *vo\outland_02\junction\vort_turret_protectus.wav
 ( 2b) 195736 : *vo\npc\vortigaunt\fmadvance.wav
 ( 2b) 150620 : *vo\npc\vortigaunt\hastefm.wav
 ( 2b) 146766 : *vo\outland_11a\silo\reb1_calmplususe_01.wav
 ( 2b) 195688 : *vo\outland_11a\silo\reb1_calmplususe_02.wav
 ( 2b) 116660 : *vo\outland_11a\silo\reb1_calmplususe_03.wav
 ( 2b) 195688 : *vo\outland_11a\silo\reb1_calmplususe_04.wav
 ( 2b) 203214 : *vo\outland_12\reb1_huntprompt01.wav
 ( 2b) 188160 : *vo\outland_12\reb1_packs01.wav
 ( 2b) 233320 : *vo\outland_12\reb1_packs02.wav
 ( 2b) 173108 : *vo\outland_12\reb1_packs03.wav
 ( 2b) 188160 : *vo\outland_12\reb1_packs04.wav
 ( 2b) 206976 : *vo\outland_12\reb1_huntprompt02.wav
 ( 2b) 316110 : *vo\outland_12\reb1_battle_needyourcar02.wav
 ( 2b) 188160 : *vo\outland_12\reb1_battle_needyourcar03.wav
 ( 2b) 331162 : *vo\outland_12\reb1_battle_needyourcar05.wav
 ( 2b) 274714 : *vo\outland_12\reb1_battle_needyourcar01.wav
 ( 2b) 150528 : *vo\outland_11a\silo\reb1_idles01.wav
 ( 2b) 180634 : *vo\outland_11a\silo\reb1_idles02.wav
 ( 2b) 444058 : *vo\outland_11a\silo\reb1_idles06.wav
 ( 2b) 406426 : *vo\outland_11a\silo\reb1_idles07.wav
 ( 2b) 233320 : *vo\outland_11a\silo\reb1_idles03.wav
 ( 2b) 225792 : *vo\outland_11a\silo\reb1_idles04.wav
 ( 2b) 398900 : *vo\outland_11a\silo\reb1_idles05.wav
 ( 2b) 308584 : *vo\outland_11a\silo\reb1_idles13.wav
 ( 2b) 208858 : *vo\outland_12\reb1_lastwave01.wav
 ( 2b) 238964 : *vo\outland_12\reb1_lastwave02.wav
 ( 2b) 214504 : *vo\outland_12\reb1_lastwave05.wav
 ( 2b) 174990 : *vo\outland_12\reb1_lastwave06.wav
 ( 2b) 154292 : *vo\outland_12\reb1_lastwave07.wav
 ( 2b) 276596 : *vo\outland_12\reb1_lastwave03.wav
 ( 2b) 272832 : *vo\outland_12\reb1_lastwave04.wav
 ( 2b) 144884 : *vo\outland_12\reb1_lastwave08.wav
 ( 2b) 220148 : *vo\outland_12\reb1_lastwave09.wav
 ( 2b) 176872 : *vo\outland_12\reb1_lastwave10.wav
 ( 2b) 278478 : *vo\outland_12\reb1_lastwaveannounced02.wav
 ( 2b) 391374 : *vo\outland_12\reb1_lastwaveannounced03.wav
 ( 2b) 293530 : *vo\outland_12\reb1_lastwaveannounced05.wav
 ( 2b) 323636 : *vo\outland_12\reb1_lastwaveannounced06.wav
 ( 2b) 353742 : *vo\outland_12\reb1_lastwaveannounced07.wav
 ( 2b) 146766 : *vo\outland_12\reb1_lastwaveannounced09.wav
 ( 2b) 127950 : *vo\outland_12\reb1_buildingexplo06.wav
 ( 2b) 440296 : *vo\outland_12\reb1_huntprompt05.wav
 ( 2b) 197568 : *vo\outland_12\reb1_healthcall03.wav
 ( 2b) 244608 : *vo\outland_12\reb1_healthcall04.wav
 ( 2b) 156174 : *vo\outland_12\reb1_healthcall01.wav
 ( 2b) 141120 : *vo\outland_12\reb1_healthcall02.wav
 ( 2b) 206976 : *vo\outland_12\reb1_ammocall02.wav
 ( 2b) 218266 : *vo\outland_08\chopper\reb1_chop_alyxinside01.wav
 ( 2b) 338688 : *vo\outland_08\chopper\reb1_chop_alyxinside02.wav
 ( 2b) 218266 : *vo\outland_08\chopper\reb1_chop_alyxinside03.wav
 ( 2b) 195688 : *vo\outland_08\chopper\reb1_chop_chopper_hint01.wav
 ( 2b) 240846 : *vo\outland_08\chopper\reb1_chop_chopper_hint03.wav
 ( 2b) 255898 : *vo\outland_08\chopper\reb1_chop_chopper_hint04.wav
 ( 2b) 203214 : *vo\outland_08\chopper\reb1_chop_chopper_hint05.wav
 ( 2b) 248372 : *vo\outland_08\chopper\reb1_chop_chopper_hint06.wav
 ( 2b) 255898 : *vo\outland_08\chopper\reb1_chop_chopper_hint08.wav
 ( 2b) 279938 : *vo\outland_08\chopper\reb2_chop_chopper_hint09.wav
 ( 2b) 346216 : *vo\outland_08\chopper\rebc_chop_hit01.wav
 ( 2b) 218266 : *vo\outland_08\chopper\rebc_chop_hit02.wav
 ( 2b) 323636 : *vo\outland_08\chopper\rebc_chop_hit03.wav
 ( 2b) 406426 : *vo\outland_08\chopper\rebc_chop_hit04.wav
 ( 2b) 233320 : *vo\outland_02\griggs_followvortnag_02.wav
 ( 2b) 200312 : *vo\outland_02\sheckley_junc_followvortnag01.wav
 ( 2b) 398900 : *vo\outland_02\griggs_followvortnag_03.wav
 ( 2b) 331162 : *vo\outland_02\sheckley_junc_followvortnag04.wav
 ( 2b) 173108 : *vo\outland_02\griggs_turretdown01.wav
 ( 2b) 120424 : *vo\outland_02\griggs_turretdown02.wav
 ( 2b)  90100 : *vo\outland_02\sheckley_turretdown01.wav
 ( 2b) 148132 : *vo\outland_02\sheckley_turretdown02.wav
 ( 2b) 150528 : *vo\outland_02\griggs_incom36.wav
 ( 2b) 301056 : *vo\outland_02\griggs_betweenwave_06.wav
 ( 2b) 112896 : *vo\outland_02\griggs_followme03.wav
 ( 2b) 108510 : *vo\outland_02\sheckley_wegot_breach_01.wav
 ( 2b) 182124 : *vo\outland_02\sheckley_youturrets.wav
 ( 2b) 150528 : *vo\outland_02\griggs_24swarm.wav
 ( 2b) 109134 : *vo\outland_02\griggs_following02.wav
 ( 2b) 117634 : *vo\outland_02\sheckley_followme04.wav
 ( 2b) 126068 : *vo\outland_02\griggs_wegot_36_01.wav
 ( 2b) 195688 : *vo\outland_02\griggs_betweenwave_conver4_01.wav
 ( 2b) 130076 : *vo\outland_02\sheckley_youtake_12_02.wav
 ( 2b) 363904 : *vo\outland_02\sheckley_betweenwave_conver4_01.wav
 ( 2b) 344926 : *vo\outland_02\sheckley_betweenwave_conver4_02.wav
 ( 2b) 203214 : *vo\outland_02\griggs_everywhere.wav
 ( 2b) 118542 : *vo\outland_02\griggs_moreat12.wav
 ( 2b) 167084 : *vo\outland_02\sheckley_youtake_24_01.wav
 ( 2b) 152410 : *vo\outland_02\griggs_youtake_36_02.wav
 ( 2b) 135476 : *vo\outland_02\griggs_youtake_breach_02.wav
 ( 2b) 174262 : *vo\outland_02\sheckley_incom36.wav
 ( 2b) 127950 : *vo\outland_02\griggs_at12.wav
 ( 2b) 195688 : *vo\outland_02\griggs_wronghole.wav
 ( 2b) 115158 : *vo\outland_02\sheckley_wegot_24_01.wav
 ( 2b) 151406 : *vo\outland_02\sheckley_youtake_breach_01.wav
 ( 2b) 129832 : *vo\outland_02\griggs_and24.wav
 ( 2b) 120424 : *vo\outland_02\griggs_andbreach.wav
 ( 2b)  93708 : *vo\outland_02\sheckley_wegot_12_01.wav
 ( 2b) 165582 : *vo\outland_02\griggs_cantholdout.wav
 ( 2b) 199450 : *vo\outland_02\griggs_watchall.wav
 ( 2b) 432296 : *vo\outland_02\griggs_betweenwave_09.wav
 ( 2b) 129634 : *vo\outland_02\sheckley_wegot_36_02.wav
 ( 2b)  78398 : *vo\outland_02\sheckley_twolights.wav
 ( 2b) 165582 : *vo\outland_02\griggs_whysomany.wav
 ( 2b) 255898 : *vo\outland_02\griggs_underest.wav
 ( 2b) 184766 : *vo\outland_02\sheckley_threelights.wav
 ( 2b)  84088 : *vo\outland_02\sheckley_lookalive.wav
 ( 2b) 317992 : *vo\outland_02\griggs_tunnelpanic_01.wav
 ( 2b) 113594 : *vo\outland_02\griggs_betweenwave_08.wav
 ( 2b) 214504 : *vo\outland_02\griggs_betweenwave_03.wav
 ( 2b) 338688 : *vo\outland_02\griggs_betweenwave_04.wav
 ( 2b) 124186 : *vo\outland_02\griggs_following04.wav
 ( 2b) 147906 : *vo\outland_02\sheckley_followme05.wav
 ( 2b)  66798 : *vo\outland_02\griggs_betweenwave_conver2_01.wav
 ( 2b)  55508 : *vo\outland_02\griggs_betweenwave_conver2_02.wav
 ( 2b)  83732 : *vo\outland_02\griggs_betweenwave_conver2_03.wav
 ( 2b)  41322 : *vo\outland_02\sheckley_betweenwave_conver2_01.wav
 ( 2b)  76584 : *vo\outland_02\sheckley_betweenwave_conver2_02.wav
 ( 2b) 240846 : *vo\outland_02\griggs_betweenwave_conver1_01.wav
 ( 2b) 233560 : *vo\outland_02\sheckley_betweenwave_conver1_01.wav
 ( 2b) 301056 : *vo\outland_02\griggs_betweenwave_conver3_01.wav
 ( 2b) 156694 : *vo\outland_02\sheckley_betweenwave_conver3_01.wav
 ( 2b) 203214 : *vo\outland_02\griggs_nestbigger.wav
 ( 2b) 224488 : *vo\outland_02\sheckley_betweenwave_02.wav
 ( 2b) 286096 : *vo\outland_02\griggs_gunnags02.wav
 ( 2b) 186476 : *vo\outland_02\sheckley_trainingnags01.wav
 ( 2b) 142646 : *vo\outland_02\sheckley_trainingnags02.wav
 ( 2b) 243648 : *vo\outland_02\sheckley_trainingnags03.wav
 ( 2b) 458582 : *vo\outland_02\sheckley_trainingnags04.wav
 ( 2b) 218266 : *vo\outland_02\griggs_neverseen.wav
 ( 2b) 361268 : *vo\outland_02\griggs_watchvorts_01.wav
 ( 2b) 210740 : *vo\outland_02\griggs_watchvorts_02.wav
 ( 2b) 376320 : *vo\outland_02\griggs_watchvorts_04.wav
 ( 2b) 429006 : *vo\outland_02\griggs_watchvorts_03.wav
 ( 2b) 267764 : *vo\outland_02\sheckley_watchvorts_01.wav
 ( 2b) 145202 : *vo\outland_02\sheckley_watchvorts_02.wav
 ( 2b) 220586 : *vo\outland_02\sheckley_watchvorts_03.wav
 ( 2b) 284664 : *vo\outland_02\sheckley_watchvorts_04.wav
 ( 2b) 199450 : *vo\outland_02\griggs_fightlion_01.wav
 ( 2b) 131712 : *vo\outland_02\griggs_fightlion_02.wav
 ( 2b) 127950 : *vo\outland_02\griggs_fightlion_03.wav
 ( 2b) 165582 : *vo\outland_02\griggs_gosheckley.wav
 ( 2b) 139240 : *vo\outland_02\griggs_fightlion_04.wav
 ( 2b) 293530 : *vo\outland_02\griggs_fightlion_05.wav
 ( 2b) 109134 : *vo\outland_02\griggs_followme02.wav
 ( 2b) 169218 : *vo\outland_02\sheckley_fightlion_01.wav
 ( 2b) 129984 : *vo\outland_02\sheckley_fightlion_02.wav
 ( 2b) 188160 : *vo\npc\male02\reb2_antlions07.wav
 ( 2b) 129832 : *vo\npc\male02\reb2_antlions05.wav
 ( 2b)  96668 : *vo\npc\male02\reb2_antlions12.wav
 ( 2b) 193806 : *vo\npc\male02\reb2_buddykilled13.wav
 ( 2b) 206976 : *vo\npc\male02\reb2_killshots22.wav
 ( 2b) 274714 : *vo\outland_02\griggs_killlion_01.wav
 ( 2b)  97844 : *vo\outland_02\griggs_killlion_02.wav
 ( 2b) 109134 : *vo\outland_02\griggs_killlion_03.wav
 ( 2b) 154292 : *vo\outland_02\griggs_killlion_04.wav
 ( 2b) 283208 : *vo\outland_02\sheckley_killlion_01.wav
 ( 2b)  64290 : *vo\outland_02\sheckley_killlion_02.wav
 ( 2b)  68480 : *vo\outland_02\sheckley_killlion_03.wav
 ( 2b)  83218 : *vo\outland_02\sheckley_betweenwave_03.wav
 ( 2b) 124186 : *vo\npc\male02\reb2_killshots01.wav
 ( 2b)  93140 : *vo\outland_02\griggs_vortintrouble.wav
 ( 2b) 149588 : *vo\outland_02\griggs_gohelpvort.wav
 ( 2b) 122304 : *vo\outland_02\griggs_dochelpvort.wav
 ( 2b) 120364 : *vo\outland_02\sheckley_vortintrouble.wav
 ( 2b) 147082 : *vo\outland_02\sheckley_gohelpvort.wav
 ( 2b) 123730 : *vo\outland_02\sheckley_dochelpvort.wav
 ( 2b) 227044 : *vo\outland_02\sheckley_vortswantyou.wav
 ( 2b) 149070 : *vo\outland_02\sheckley_vortscalling.wav
 ( 2b) 229828 : *vo\outland_02\sheckley_thosevortswant.wav
 ( 2b) 173108 : *vo\outland_02\griggs_vortscalling.wav
 ( 2b) 210740 : *vo\outland_02\griggs_vortswantyou.wav
 ( 2b) 124186 : *vo\npc\male02\reb2_reload03.wav
 ( 2b)  97844 : *vo\npc\male02\reb2_reload05.wav
 ( 2b) 101608 : *vo\npc\male02\reb2_reload07.wav
 ( 4b) 148160 : *^vo\outland_11a\absilo\mag_aband_onceagain01.wav
 ( 4b) 547676 : *^vo\outland_11a\absilo\mag_aband_onceagain02.wav
 ( 4b) 614236 : *^vo\outland_11a\absilo\mag_aband_onceagain03.wav
 ( 4b) 1384444 : *^vo\outland_11a\absilo\mag_aband_critical.wav
 ( 2b) 207384 : *vo\outland_02\junction\al_junc_gettowhiteforest02.wav
 ( 2b) 270952 : *vo\outland_06a\radio\al_rad_timetogo01.wav
 ( 2b) 190042 : *vo\outland_01\intro\al_rbed_giveupnow01.wav
 ( 2b) 246960 : *vo\outland_01\intro\al_rbed_giveupnow02.wav
 ( 2b) 186676 : *vo\outland_01\intro\al_rbed_plususe04.wav
 ( 2b) 230124 : *vo\outland_01\intro\al_rbed_plususe03.wav
 ( 2b) 155424 : *vo\outland_01\intro\al_rbed_plususe01.wav
 ( 2b) 124280 : *vo\outland_11\dogfight\al_str_carnag02.wav
 ( 2b) 129144 : *vo\outland_11\dogfight\al_str_carnag03.wav
 ( 2b) 129782 : *vo\outland_11a\silo\al_silo_dontgiveup01.wav
 ( 2b)  92636 : *vo\outland_11a\silo\al_silo_dontgiveup02.wav
 ( 2b)  62762 : *vo\outland_11a\silo\al_silo_seedad01.wav
 ( 2b) 155180 : *vo\outland_11a\silo\al_silo_seedad02.wav
 ( 2b) 376922 : *vo\outland_11a\silo\al_silo_seemag.wav
 ( 2b) 178610 : *vo\outland_02\junction\al_junc_notwithoutyou01.wav
 ( 2b) 187460 : *vo\outland_02\junction\al_junc_notwithoutyou02.wav
 ( 2b) 116890 : *vo\outland_02\junction\al_junc_gettowhiteforest01.wav
 ( 2b)  82554 : *vo\outland_02\junction\al_junc_nexttome01.wav
 ( 2b)  98666 : *vo\outland_02\junction\al_junc_nexttome02.wav
 ( 2b) 110308 : *vo\npc\alyx\al_combat_panic02.wav
 ( 2b) 158056 : *vo\outland_05\canyon\al_guard_keepmoving01.wav
 ( 2b) 157350 : *vo\outland_05\canyon\al_guard_keepmoving02.wav
 ( 2b) 330222 : *vo\outland_05\canyon\al_guard_keepmoving03.wav
 ( 2b) 316110 : *vo\outland_05\canyon\al_guard_keepmoving04.wav
 ( 2b) 270952 : *vo\outland_05\canyon\al_guard_keepmoving05.wav
 ( 2b) 131948 : *vo\outland_05\canyon\al_guard_keepmoving06.wav
 ( 2b) 497926 : *vo\outland_08\chopper\al_chop_backinsidenag01.wav
 ( 2b) 318836 : *vo\npc\alyx\al_radar_zombiestuff.wav
 ( 2b) 457946 : *vo\npc\alyx\al_radar_plususe02.wav
 ( 2b) 352674 : *vo\npc\alyx\al_radar_plususe01.wav
 ( 2b)  99608 : *vo\outland_11\dogfight\al_str_overhere.wav
 ( 2b)  72442 : *vo\npc\alyx\al_combat_grim_01.wav
 ( 2b) 122054 : *vo\npc\alyx\al_combat_grim_06.wav
 ( 2b)  61152 : *vo\npc\alyx\al_combat_grim_04.wav
 ( 2b)  63936 : *vo\npc\alyx\al_combat_grim_05.wav
 ( 2b)  81262 : *vo\npc\alyx\al_combat_grim_03.wav
 ( 2b)  61506 : *vo\npc\alyx\al_combat_grim_02.wav
 ( 2b)  38134 : *vo\npc\alyx\al_car_crash04.wav
 ( 2b)  41530 : *vo\npc\alyx\al_car_crash06.wav
 ( 2b)  97838 : *vo\outland_10\olde-inne\al_ambush_morecoming.wav
 ( 2b)  92300 : *vo\npc\alyx\al_combat_grim_09.wav
 ( 2b) 119140 : *vo\outland_10\olde-inne\al_ambush_holdemoff.wav
 ( 2b) 154436 : *vo\outland_10\olde-inne\al_ambush_linesight.wav
 ( 2b) 114240 : *vo\outland_10\olde-inne\al_ambush_howyoudoing.wav
 ( 2b) 248220 : *vo\outland_01\intro\al_rbed_zombies02.wav
 ( 2b)  72670 : *vo\outland_01\intro\al_rbed_zombies03.wav
 ( 2b) 240846 : *vo\outland_06a\radio\al_rad_getpoweron02.wav
 ( 2b) 259662 : *vo\outland_06a\radio\al_rad_posthunters01.wav
 ( 2b) 179694 : *vo\outland_06a\radio\al_rad_thick01.wav
 ( 2b) 265306 : *vo\outland_06a\radio\al_rad_lookforradio01.wav
 ( 2b) 186280 : *vo\outland_06a\radio\al_rad_lookforradio02.wav
 ( 2b) 186280 : *vo\outland_06a\radio\al_rad_lookforradio03.wav
 ( 2b) 509914 : *vo\outland_06a\radio\al_rad_use_findtrans01.wav
 ( 2b) 451584 : *vo\outland_06a\radio\al_rad_use_findtrans02.wav
 ( 2b) 235200 : *vo\outland_06a\radio\al_rad_use_powertotrans01.wav
 ( 2b) 180634 : *vo\outland_06a\radio\al_rad_use_powertotrans02.wav
 ( 2b) 159998 : *vo\outland_11a\silo\mag_silo_wheregoing.wav
 ( 2b) 192518 : *vo\outland_11a\silo\mag_silo_needyouhere.wav
 ( 2b) 188164 : *vo\outland_11a\silo\mag_silo_thisway.wav
 ( 2b) 301056 : *vo\outland_11a\silo\al_silo_youshouldhelp.wav
 ( 2b) 214738 : *vo\outland_11a\silo\al_silo_meetincontrolroom.wav
 ( 2b) 114778 : *vo\outland_08\chopper\al_chop_nags01.wav
 ( 2b) 199450 : *vo\outland_08\chopper\al_chop_nags02.wav
 ( 2b) 123598 : *vo\outland_08\chopper\al_chop_nags03.wav
 ( 2b) 119012 : *vo\npc\alyx\al_throwmed01.wav
 ( 2b) 121600 : *vo\npc\alyx\al_throwmed02.wav
 ( 2b)  71678 : *vo\npc\alyx\al_throwmed03.wav
 ( 2b) 216384 : *vo\npc\alyx\al_throwmed04.wav
 ( 2b) 184632 : *vo\npc\alyx\al_throwmed05.wav
 ( 2b) 229320 : *vo\outland_08\chopper\al_chop_nagdoor01.wav
 ( 2b) 140768 : *vo\outland_08\chopper\al_chop_nagdoor02.wav
 ( 2b) 280360 : *vo\outland_06a\radio\al_rad_usecar.wav
 ( 2b) 147706 : *vo\npc\alyx\al_radar_newdetect01.wav
 ( 2b) 151470 : *vo\npc\alyx\al_radar_newdetect02.wav
 ( 2b) 135476 : *vo\npc\alyx\al_radar_newdetect03.wav
 ( 2b)  91258 : *vo\npc\alyx\al_radar_newdetect04.wav
 ( 2b) 159936 : *vo\npc\alyx\al_radar_newdetect05.wav
 ( 2b)  59154 : *vo\npc\alyx\al_car_getgoing02.wav
 ( 2b)  98784 : *vo\npc\alyx\al_car_getgoing04.wav
 ( 2b) 101734 : *vo\npc\alyx\al_car_playerout02.wav
 ( 2b) 101724 : *vo\npc\alyx\al_car_playerout03.wav
 ( 2b) 126106 : *vo\npc\alyx\al_car_playerout05.wav
 ( 2b)  74980 : *vo\npc\alyx\al_car_stayincar01.wav
 ( 2b)  77732 : *vo\npc\alyx\al_car_stayincar02.wav
 ( 2b) 113868 : *vo\npc\alyx\al_car_stayincar03.wav
 ( 2b)  61040 : *vo\npc\alyx\al_car_stayincar04.wav
 ( 2b) 111762 : *vo\npc\alyx\al_car_stayincar05.wav
 ( 2b)  94198 : *vo\npc\alyx\al_car_stayincar06.wav
 ( 2b) 129832 : *vo\npc\alyx\al_car_stayincar07.wav
 ( 2b) 135578 : *vo\npc\alyx\al_car_playerout06.wav
 ( 2b)  95990 : *vo\npc\alyx\al_car_startle04.wav
 ( 2b)  87508 : *vo\npc\alyx\al_car_crash02.wav
 ( 2b) 103508 : *vo\npc\alyx\al_car_callback02.wav
 ( 2b) 109512 : *vo\npc\alyx\al_car_callback03.wav
 ( 2b)  35528 : *vo\npc\alyx\al_car_crash05.wav
 ( 2b)  91356 : *vo\npc\alyx\al_car_crash07.wav
 ( 2b) 118570 : *vo\npc\alyx\al_car_crazy02.wav
 ( 2b) 169378 : *vo\npc\alyx\al_car_laughing06.wav
 ( 2b) 113150 : *vo\npc\alyx\al_car_laughing08.wav
 ( 2b)  98378 : *vo\npc\alyx\al_car_laughing10.wav
 ( 2b) 163666 : *vo\npc\alyx\al_car_crazy04.wav
 ( 2b)  79096 : *vo\npc\alyx\al_car_crazy06.wav
 ( 2b)  66048 : *vo\npc\alyx\al_car_crazy07.wav
 ( 2b) 179196 : *vo\npc\alyx\al_car_crazy08.wav
 ( 2b) 362262 : *vo\npc\alyx\al_car_beenawhile.wav
 ( 2b) 226142 : *vo\npc\alyx\al_car_comments03.wav
 ( 2b)  79296 : *vo\npc\alyx\al_car_rolled01a.wav
 ( 2b) 108928 : *vo\npc\alyx\al_car_rolled01b.wav
 ( 2b) 204374 : *vo\npc\alyx\al_car_rolled02.wav
 ( 2b) 213178 : *vo\npc\alyx\al_car_rolled03.wav
 ( 2b) 163718 : *vo\npc\alyx\al_car_rolled04.wav
 ( 2b) 289062 : *vo\npc\alyx\al_car_rolled05.wav
 ( 2b) 325858 : *vo\npc\alyx\al_car_rolled06.wav
 ( 2b) 352802 : *vo\npc\alyx\al_car_rolled07.wav
 ( 2b) 114792 : *vo\npc\alyx\al_car_runafter01.wav
 ( 2b) 102818 : *vo\npc\alyx\al_car_runafter02.wav
 ( 2b)  91778 : *vo\npc\alyx\al_car_runafter03.wav
 ( 2b)  92312 : *vo\npc\alyx\al_car_runafter04.wav
 ( 2b) 150556 : *vo\npc\alyx\al_car_runafter05.wav
 ( 2b) 192614 : *vo\npc\alyx\al_car_catchup01.wav
 ( 2b) 124894 : *vo\npc\alyx\al_car_catchup02.wav
 ( 2b)  83316 : *vo\npc\alyx\al_car_catchup03.wav
 ( 2b) 281472 : *vo\npc\alyx\al_car_catchup04.wav
 ( 2b)  40490 : physics\body\body_medium_impact_hard1.wav
 ( 2b)  28842 : physics\body\body_medium_impact_hard2.wav
 ( 2b)  36444 : physics\body\body_medium_impact_hard3.wav
 ( 2b)  37470 : physics\body\body_medium_impact_hard4.wav
 ( 2b)  43910 : physics\body\body_medium_impact_hard5.wav
 ( 2b)  36348 : physics\body\body_medium_impact_hard6.wav
 ( 2b)  63680 : *vo\episode_1\citadel\al_letsgo01.wav
 ( 2b) 142550 : *vo\episode_1\npc\male01\cit_alert_antlions05.wav
 ( 2b) 142666 : *vo\episode_1\npc\female01\cit_alert_antlions05.wav
 ( 2b)  72198 : *vo\episode_1\npc\male01\cit_alert_antlions06.wav
 ( 2b)  71332 : *vo\episode_1\npc\female01\cit_alert_antlions06.wav
 ( 2b) 149954 : *vo\episode_1\npc\male01\cit_alert_antlions07.wav
 ( 2b) 218456 : *vo\episode_1\npc\female01\cit_alert_antlions07.wav
 ( 2b) 107374 : *vo\episode_1\npc\male01\cit_alert_antlions08.wav
 ( 2b)  93624 : *vo\episode_1\npc\female01\cit_alert_antlions08.wav
 ( 2b)  72198 : *vo\episode_1\npc\male01\cit_alert_antlions09.wav
 ( 2b) 107000 : *vo\episode_1\npc\female01\cit_alert_antlions09.wav
 ( 2b) 111076 : *vo\episode_1\npc\male01\cit_alert_antlions18.wav
 ( 2b) 124832 : *vo\episode_1\npc\female01\cit_alert_antlions18.wav
 ( 2b) 100014 : *vo\episode_1\npc\male01\cit_kill01.wav
 ( 2b)  99906 : *vo\episode_1\npc\female01\cit_kill01.wav
 ( 2b) 110542 : *vo\episode_1\npc\male01\cit_kill02.wav
 ( 2b) 116556 : *vo\episode_1\npc\female01\cit_kill02.wav
 ( 2b) 147062 : *vo\episode_1\npc\male01\cit_kill03.wav
 ( 2b) 141532 : *vo\episode_1\npc\female01\cit_kill03.wav
 ( 2b) 136862 : *vo\episode_1\npc\male01\cit_kill04.wav
 ( 2b) 108230 : *vo\episode_1\npc\female01\cit_kill04.wav
 ( 2b) 158374 : *vo\episode_1\npc\male01\cit_kill06.wav
 ( 2b)  87416 : *vo\episode_1\npc\female01\cit_kill06.wav
 ( 2b) 169688 : *vo\episode_1\npc\male01\cit_kill07.wav
 ( 2b) 116556 : *vo\episode_1\npc\female01\cit_kill07.wav
 ( 2b) 147062 : *vo\episode_1\npc\male01\cit_kill08.wav
 ( 2b)  87418 : *vo\episode_1\npc\female01\cit_kill08.wav
 ( 2b) 180998 : *vo\episode_1\npc\male01\cit_kill09.wav
 ( 2b)  99906 : *vo\episode_1\npc\female01\cit_kill09.wav
 ( 2b) 166452 : *vo\episode_1\npc\male01\cit_kill10.wav
 ( 2b) 132874 : *vo\episode_1\npc\female01\cit_kill10.wav
 ( 2b) 101812 : *vo\episode_1\npc\male01\cit_kill11.wav
 ( 2b)  99906 : *vo\episode_1\npc\female01\cit_kill11.wav
 ( 2b) 144258 : *vo\episode_1\npc\male01\cit_kill12.wav
 ( 2b)  83662 : *vo\episode_1\npc\female01\cit_kill12.wav
 ( 2b) 110968 : *vo\episode_1\npc\male01\cit_kill13.wav
 ( 2b)  45790 : *vo\episode_1\npc\female01\cit_kill13.wav
 ( 2b) 101812 : *vo\episode_1\npc\male01\cit_kill14.wav
 ( 2b)  69380 : *vo\episode_1\npc\female01\cit_kill14.wav
 ( 2b) 126334 : *vo\episode_1\npc\male01\cit_kill17.wav
 ( 2b)  98518 : *vo\episode_1\npc\female01\cit_kill17.wav
 ( 2b) 200028 : *vo\episode_1\npc\male01\cit_kill18.wav
 ( 2b) 152560 : *vo\episode_1\npc\female01\cit_kill18.wav
 ( 2b) 122064 : *vo\episode_1\npc\male01\cit_kill19.wav
 ( 2b) 334352 : *vo\episode_1\npc\male01\cit_kill20.wav
 ( 2b)  92490 : *vo\episode_1\npc\male01\cit_buddykilled01.wav
 ( 2b)  71402 : *vo\episode_1\npc\female01\cit_buddykilled01.wav
 ( 2b) 334382 : *vo\episode_1\npc\male01\cit_buddykilled02.wav
 ( 2b) 238920 : *vo\episode_1\npc\female01\cit_buddykilled02.wav
 ( 2b)  56916 : *vo\episode_1\npc\male01\cit_buddykilled03.wav
 ( 2b)  74146 : *vo\episode_1\npc\female01\cit_buddykilled03.wav
 ( 2b) 149404 : *vo\episode_1\npc\male01\cit_buddykilled04.wav
 ( 2b) 116714 : *vo\episode_1\npc\female01\cit_buddykilled04.wav
 ( 2b) 106718 : *vo\episode_1\npc\male01\cit_buddykilled05.wav
 ( 2b)  76894 : *vo\episode_1\npc\female01\cit_buddykilled05.wav
 ( 2b) 149404 : *vo\episode_1\npc\male01\cit_buddykilled06.wav
 ( 2b)  75978 : *vo\episode_1\npc\female01\cit_buddykilled06.wav
 ( 2b) 128062 : *vo\episode_1\npc\male01\cit_buddykilled07.wav
 ( 2b)  79638 : *vo\episode_1\npc\female01\cit_buddykilled07.wav
 ( 2b) 135176 : *vo\episode_1\npc\male01\cit_buddykilled08.wav
 ( 2b)  89710 : *vo\episode_1\npc\female01\cit_buddykilled08.wav
 ( 2b) 106718 : *vo\episode_1\npc\male01\cit_buddykilled09.wav
 ( 2b)  60418 : *vo\episode_1\npc\female01\cit_buddykilled09.wav
 ( 2b) 220550 : *vo\episode_1\npc\male01\cit_buddykilled10.wav
 ( 2b) 150126 : *vo\episode_1\npc\female01\cit_buddykilled10.wav
 ( 2b) 199206 : *vo\episode_1\npc\male01\cit_buddykilled11.wav
 ( 2b) 105272 : *vo\episode_1\npc\female01\cit_buddykilled11.wav
 ( 2b) 313038 : *vo\episode_1\npc\male01\cit_buddykilled12.wav
 ( 2b) 116256 : *vo\episode_1\npc\female01\cit_buddykilled12.wav
 ( 2b) 170750 : *vo\episode_1\npc\male01\cit_buddykilled13.wav
 ( 2b) 119002 : *vo\episode_1\npc\female01\cit_buddykilled13.wav
 ( 2b)  81012 : *vo\episode_1\npc\female01\cit_buddykilled14.wav
 ( 2b)  98864 : *vo\episode_1\npc\female01\cit_buddykilled15.wav
 ( 2b) 230144 : *vo\episode_1\npc\male01\cit_evac_no04.wav
 ( 2b) 201440 : *vo\episode_1\npc\female01\cit_evac_no04.wav
 ( 2b) 138240 : *vo\episode_1\npc\alyx\al_hack_train05.wav
 ( 2b)  91392 : *vo\episode_1\npc\alyx\al_hack_train01.wav
 ( 2b)  82432 : *vo\episode_1\npc\alyx\al_hack_train02.wav
 ( 2b) 156544 : *vo\episode_1\npc\alyx\al_hack_done01.wav
 ( 2b)  95488 : *vo\episode_1\npc\alyx\al_hack_done02.wav
 ( 2b) 108800 : *vo\episode_1\npc\alyx\al_hack_done03.wav
 ( 2b)  64696 : *vo\episode_1\npc\alyx\al_swamped03.wav
 ( 2b) 100236 : *vo\episode_1\npc\alyx\al_swamped05.wav
 ( 2b)  42634 : *vo\episode_1\npc\alyx\al_swamped06.wav
 ( 2b)  61718 : *vo\episode_1\npc\alyx\al_swamped09.wav
 ( 2b)  54362 : *vo\episode_1\npc\alyx\al_swamped10.wav
 ( 2b)  91630 : *vo\episode_1\npc\alyx\al_swamped12.wav
 ( 2b)  96698 : *vo\episode_1\npc\alyx\al_thanksforhelp03.wav
 ( 2b)  72910 : *vo\episode_1\npc\alyx\al_swamped07.wav
 ( 2b)  64112 : *vo\episode_1\npc\alyx\al_seemanyfoe03.wav
 ( 2b)  84830 : *vo\episode_1\npc\alyx\al_seemanyfoe05.wav
 ( 2b)  67596 : *vo\episode_1\npc\alyx\al_seemanyfoe06.wav
 ( 2b)  88064 : *vo\episode_1\npc\alyx\al_seemanyfoe07.wav
 ( 2b)  72064 : *vo\episode_1\npc\alyx\al_headcrabsurprise01.wav
 ( 2b)  64000 : *vo\episode_1\npc\alyx\al_headcrabsurprise02.wav
 ( 2b) 108288 : *vo\episode_1\npc\alyx\al_headcrabsurprise03.wav
 ( 2b)  50368 : *vo\episode_1\npc\alyx\al_dark_worried01.wav
 ( 2b)  76032 : *vo\episode_1\npc\alyx\al_dark_worried03.wav
 ( 2b)  77376 : *vo\episode_1\npc\alyx\al_dark_worrieder_02.wav
 ( 2b) 112640 : *vo\episode_1\npc\alyx\al_dark_worrieder_03.wav
 ( 2b) 100352 : *vo\episode_1\npc\alyx\al_dark_worriederer02.wav
 ( 2b) 116736 : *vo\episode_1\npc\alyx\al_dark_worriederer03.wav
 ( 2b) 100352 : *vo\episode_1\npc\alyx\al_dark_worriedest01.wav
 ( 2b)  67584 : *vo\episode_1\npc\alyx\al_dark_worriedest02.wav
 ( 2b) 139264 : *vo\episode_1\npc\alyx\al_dark_worriedest03.wav
 ( 2b) 114688 : *vo\episode_1\npc\alyx\al_dark_worriedest04.wav
 ( 2b) 118016 : *vo\episode_1\npc\alyx\al_dark_stayclose01.wav
 ( 2b) 126976 : *vo\episode_1\npc\alyx\al_dark_relief03.wav
 ( 2b) 135168 : *vo\episode_1\npc\alyx\al_dark_relief04.wav
 ( 2b) 131072 : *vo\episode_1\npc\alyx\al_dark_relief01.wav
 ( 2b) 122880 : *vo\episode_1\npc\alyx\al_dark_relief02.wav
 ( 2b) 147456 : *vo\episode_1\npc\alyx\al_dark_attack01.wav
 ( 2b)  73728 : *vo\episode_1\npc\alyx\al_dark_attack02.wav
 ( 2b) 100864 : *vo\episode_1\npc\alyx\al_dark_attack03.wav
 ( 2b) 158464 : *vo\episode_1\npc\alyx\al_dark_noises01.wav
 ( 2b)  77440 : *vo\episode_1\npc\alyx\al_dark_noises04.wav
 ( 2b) 109184 : *vo\episode_1\npc\alyx\al_dark_noises07.wav
 ( 2b) 106496 : *vo\episode_1\npc\alyx\al_dark_lightout02.wav
 ( 2b)  96512 : *vo\episode_1\npc\alyx\al_dark_lightout04.wav
 ( 2b) 135006 : *vo\episode_1\npc\alyx\al_light_out01.wav
 ( 2b) 105364 : *vo\episode_1\npc\alyx\al_light_out02.wav
 ( 2b) 124146 : *vo\episode_1\npc\alyx\al_light_out04.wav
 ( 2b) 160522 : *vo\episode_1\npc\alyx\al_light_out05.wav
 ( 2b) 110858 : *vo\episode_1\npc\alyx\al_light_out16.wav
 ( 2b) 149796 : *vo\episode_1\npc\alyx\al_light_out17.wav
 ( 2b) 109696 : *vo\episode_1\npc\alyx\al_light_generic01.wav
 ( 2b) 128256 : *vo\episode_1\npc\alyx\al_light_generic02.wav
 ( 2b)  98688 : *vo\episode_1\npc\alyx\al_light_generic03.wav
 ( 2b) 155648 : *vo\episode_1\npc\alyx\al_light_zombie.wav
 ( 2b) 184320 : *vo\episode_1\npc\alyx\al_light_antlion.wav
 ( 2b) 136320 : *vo\episode_1\npc\alyx\al_light_barnacle01.wav
 ( 2b) 145408 : *vo\episode_1\npc\alyx\al_light_barnacle02.wav
 ( 2b)  94336 : *vo\episode_1\npc\alyx\al_player_healthlow01.wav
 ( 2b) 158196 : *vo\episode_1\npc\alyx\al_player_healthlow02.wav
 ( 2b) 142476 : *vo\episode_1\npc\alyx\al_player_healthlow03.wav
 ( 2b) 627566 : *vo\episode_1\c17\al_getbusy.wav
 ( 2b)  82654 : *vo\episode_1\npc\alyx\al_startcombat01.wav
 ( 2b)  68410 : *vo\episode_1\npc\alyx\al_startcombat02.wav
 ( 2b)  66576 : *vo\episode_1\npc\alyx\al_startcombat03.wav
 ( 2b) 103598 : *vo\episode_1\npc\alyx\al_startcombat04.wav
 ( 2b)  56574 : *vo\episode_1\npc\alyx\al_combat_start01.wav
 ( 2b)  63864 : *vo\episode_1\npc\alyx\al_combat_start02.wav
 ( 2b)  48026 : *vo\episode_1\npc\alyx\al_combat_start03.wav
 ( 2b)  84666 : *vo\episode_1\npc\alyx\al_combat_start04.wav
 ( 2b)  81210 : *vo\episode_1\npc\alyx\al_combat_start05.wav
 ( 2b)  89824 : *vo\episode_1\npc\alyx\al_combat_gradual_quiet_01.wav
 ( 2b)  63486 : *vo\episode_1\npc\alyx\al_combat_gradual_quiet_02.wav
 ( 2b)  75252 : *vo\episode_1\npc\alyx\al_combat_gradual_quiet_03.wav
 ( 2b) 105216 : *vo\episode_1\npc\alyx\al_combat_gradual_quiet_04.wav
 ( 2b)  68962 : *vo\episode_1\npc\alyx\al_combat_gradual_quiet_05.wav
 ( 2b) 123860 : *vo\episode_1\npc\alyx\al_combat_gradual_quiet_06.wav
 ( 2b) 101834 : *vo\episode_1\npc\alyx\al_combat_sudden08.wav
 ( 2b)  54292 : *vo\episode_1\npc\alyx\al_combat_yeah01.wav
 ( 2b)  53468 : *vo\episode_1\npc\alyx\al_combat_yeah02.wav
 ( 2b)  47474 : *vo\episode_1\npc\alyx\al_combat_thanks01.wav
 ( 2b)  80666 : *vo\episode_1\npc\alyx\al_combat_thanks02.wav
 ( 2b)  65174 : *vo\episode_1\npc\alyx\al_combat_thanks03.wav
 ( 2b)  60952 : *vo\episode_1\npc\alyx\al_combat_thanks04.wav
 ( 2b)  73866 : *vo\episode_1\npc\alyx\al_combat_nice.wav
 ( 2b)  91276 : *vo\episode_1\npc\alyx\al_combat_nicepunt01.wav
 ( 2b) 101118 : *vo\episode_1\npc\alyx\al_combat_nicepunt02.wav
 ( 2b)  92786 : *vo\episode_1\npc\alyx\al_zombie_liveone01.wav
 ( 2b) 102524 : *vo\episode_1\npc\alyx\al_zombie_liveone02.wav
 ( 2b)  75922 : *vo\episode_1\npc\alyx\al_zombie_itsalive01.wav
 ( 2b) 104568 : *vo\episode_1\npc\alyx\al_combat_goodshooting01.wav
 ( 2b)  81874 : *vo\episode_1\npc\alyx\al_combat_goodshooting02.wav
 ( 2b)  92512 : *vo\episode_1\npc\alyx\al_combat_goodshooting03.wav
 ( 2b)  64452 : *vo\episode_1\npc\alyx\al_combat_goodshot01.wav
 ( 2b)  80040 : *vo\episode_1\npc\alyx\al_combat_goodshot02.wav
 ( 2b) 274524 : *vo\episode_1\npc\alyx\al_combat_goodshot03.wav
 ( 2b) 100736 : *vo\episode_1\npc\alyx\al_combat_goodshot04.wav
 ( 2b)  90738 : *vo\episode_1\npc\alyx\al_combat_niceshot01.wav
 ( 2b)  77410 : *vo\episode_1\npc\alyx\al_combat_niceshot02.wav
 ( 2b) 112510 : *vo\episode_1\npc\alyx\al_combat_niceshot03.wav
 ( 2b) 157674 : *vo\episode_1\npc\alyx\al_combat_niceshot04.wav
 ( 2b) 110536 : *vo\episode_1\npc\alyx\al_combat_niceshooting01.wav
 ( 2b)  82682 : *vo\episode_1\npc\alyx\al_combat_niceshooting02.wav
 ( 2b) 413696 : *vo\episode_1\npc\alyx\al_light_recharge05.wav
 ( 2b)  47356 : *vo\episode_1\npc\alyx\al_deaf_what.wav
 ( 2b)  98798 : *vo\episode_1\npc\alyx\al_deaf_canthearyou.wav
 ( 2b) 127946 : *vo\episode_1\npc\alyx\al_deaf_canthearanything.wav
 ( 2b) 100712 : *vo\episode_1\npc\alyx\al_deaf_saysomething.wav
 ( 2b) 134108 : *vo\episode_1\npc\alyx\al_deaf_earsringing.wav
 ( 2b)  76098 : *vo\episode_1\npc\alyx\al_zombine_grenadewarn01.wav
 ( 2b) 107260 : *vo\episode_1\npc\alyx\al_zombine_grenadewarn02.wav
 ( 2b) 121592 : *vo\episode_1\npc\alyx\al_zombine_grenadewarn03.wav
 ( 2b) 135516 : *vo\episode_1\npc\alyx\al_laugh07.wav
 ( 2b) 238516 : *vo\episode_1\npc\alyx\al_laugh09.wav
 ( 2b)  65344 : *vo\episode_1\npc\alyx\al_behindyou01.wav
 ( 2b)  65730 : *vo\episode_1\npc\alyx\al_playerdeath02.wav
 ( 2b)  87910 : *vo\episode_1\npc\alyx\al_playerfalls03.wav
 ( 2b)  55154 : *vo\episode_1\npc\alyx\al_reload01.wav
 ( 2b)  55154 : *vo\episode_1\npc\alyx\al_reload02.wav
 ( 2b)  62766 : *vo\episode_1\npc\alyx\al_reload03.wav
 ( 2b) 105852 : *vo\episode_1\npc\alyx\al_reloading_new06.wav
 ( 2b) 126842 : *vo\episode_1\npc\alyx\al_reloading_new02.wav
 ( 2b) 112126 : *vo\episode_1\npc\alyx\al_reloading_new03.wav
 ( 2b) 187404 : *vo\episode_1\npc\alyx\al_reloading_new04.wav
 ( 2b)  84396 : *vo\episode_1\npc\alyx\al_combat_lightem.wav
 ( 2b) 147682 : *vo\episode_1\npc\alyx\al_combat_burnem01.wav
 ( 2b) 158210 : *vo\episode_1\npc\alyx\al_combat_burnem02.wav
 ( 2b) 143944 : *vo\episode_1\npc\alyx\al_combat_zombq01.wav
 ( 2b) 182714 : *vo\episode_1\npc\alyx\al_combat_zombq02.wav
 ( 2b) 254976 : *vo\episode_1\npc\alyx\al_greet_cit02.wav
 ( 2b) 495616 : *vo\episode_1\npc\alyx\al_greet_cit06.wav
 ( 2b) 202752 : *vo\episode_1\npc\alyx\al_greet_cit07.wav
 ( 2b) 239616 : *vo\episode_1\npc\alyx\al_greet_cit08.wav
 ( 2b) 198656 : *vo\episode_1\npc\alyx\al_greet_cit09.wav
 ( 2b) 200704 : *vo\episode_1\npc\alyx\al_greet_cit10.wav
 ( 2b) 153600 : *vo\episode_1\npc\alyx\al_greet_cit11.wav
 ( 2b) 211712 : *vo\episode_1\npc\alyx\al_greet_cit12.wav
 ( 2b)  65728 : *vo\episode_1\npc\alyx\al_greet_cit13.wav
 ( 2b) 213248 : *vo\episode_1\npc\alyx\al_greet_cit14.wav
 ( 2b) 223232 : *vo\episode_1\npc\alyx\al_greet_cit15.wav
 ( 2b) 260096 : *vo\episode_1\npc\alyx\al_greet_cit16.wav
 ( 2b) 323584 : *vo\episode_1\npc\alyx\al_greet_cit17.wav
 ( 2b) 180224 : *vo\episode_1\npc\alyx\al_greet_cit18.wav
 ( 2b) 454656 : *vo\episode_1\npc\alyx\al_greet_cit19.wav
 ( 2b) 200192 : *vo\episode_1\npc\alyx\al_greet_cit01.wav
 ( 2b) 191744 : *vo\episode_1\npc\alyx\al_greet_cit04.wav
 ( 2b) 405504 : *vo\episode_1\npc\alyx\al_greet_cit05.wav
 ( 2b) 159488 : *vo\episode_1\npc\alyx\al_greet_cit03.wav
 ( 2b) 186624 : *vo\episode_1\npc\alyx\al_greet_cit21.wav
 ( 2b) 337920 : *vo\episode_1\npc\alyx\al_greet_cit22.wav
 ( 2b)  84472 : *vo\episode_1\npc\alyx\al_affirm01.wav
 ( 2b)  33598 : *vo\episode_1\npc\alyx\al_affirm03.wav
 ( 2b)  43134 : *vo\episode_1\npc\alyx\al_affirm05.wav
 ( 2b)  54002 : *vo\episode_1\npc\alyx\al_playerstare01.wav
 ( 2b)  24544 : *vo\episode_1\npc\alyx\al_playerstare02.wav
 ( 2b)  89430 : *vo\episode_1\npc\alyx\al_lead_start05.wav
 ( 2b)  47110 : *vo\episode_1\npc\alyx\al_lead_start06.wav
 ( 2b)  95232 : *vo\episode_1\npc\alyx\al_combat_sudden01.wav
 ( 2b)  99890 : *vo\episode_1\npc\alyx\al_combat_sudden12.wav
 ( 2b) 108622 : *vo\episode_1\citadel\al_platform_getin.wav
 ( 2b)  81712 : *vo\episode_1\citadel\al_platform_getingordon.wav
 ( 2b)  41472 : *vo\episode_1\c17\al_letsgo02.wav
 ( 2b)  71638 : *vo\episode_1\citadel\al_thisway.wav
 ( 2b)  44532 : *vo\episode_1\npc\alyx\al_lead_comingback04.wav
 ( 2b)  57152 : *vo\episode_1\npc\alyx\al_lead_catchup08.wav
 ( 2b)  73984 : *vo\episode_1\npc\alyx\al_fight08.wav
 ( 2b)  45942 : *vo\episode_1\c17\al_evac_gothim01.wav
 ( 2b) 102904 : *vo\episode_1\npc\alyx\al_combat_boom06.wav
 ( 2b)  72830 : *vo\episode_1\npc\alyx\al_combat_nicemove01.wav
 ( 2b) 237568 : *vo\episode_1\citadel\al_lift_tocore_new.wav
 ( 2b) 136320 : *vo\episode_1\citadel\al_lift_getmoving.wav
 ( 2b) 252928 : *vo\episode_1\citadel\al_lift_vulnerable.wav
 ( 2b) 356352 : *vo\episode_1\citadel\al_lift_powerout.wav
 ( 2b) 345030 : *vo\episode_1\c17\al_sniper_pinned.wav
 ( 2b) 267376 : *vo\episode_1\c17\al_sniper_cantgetthru.wav
 ( 2b) 115966 : *vo\episode_1\c17\al_sniper_bringroller.wav
 ( 2b) 102180 : *vo\episode_1\c17\al_evac_cits01.wav
 ( 2b) 103378 : *vo\episode_1\c17\al_evac_cits02.wav
 ( 2b)  91616 : *vo\episode_1\c17\al_evac_cits03.wav
 ( 2b) 185044 : *vo\episode_1\c17\al_evac_nextgroup01.wav
 ( 2b) 158010 : *vo\episode_1\c17\al_evac_nextgroup02.wav
 ( 2b) 126380 : *vo\episode_1\c17\al_evac_nextgroup03.wav
 ( 2b) 153434 : *vo\episode_1\c17\al_evac_nextgroup04.wav
 ( 2b) 167620 : *vo\episode_1\c17\al_evac_nextgroup05.wav
 ( 2b) 142882 : *vo\episode_1\c17\al_evac_protect01.wav
 ( 2b) 157422 : *vo\episode_1\c17\al_evac_protect02.wav
 ( 2b) 165194 : *vo\episode_1\c17\al_evac_protect03.wav
 ( 2b) 196568 : *vo\episode_1\c17\al_evac_protect04.wav
 ( 2b) 138032 : *vo\episode_1\c17\al_evac_protect05.wav
 ( 2b) 201984 : *vo\episode_1\c17\al_garage_hearthink.wav
 ( 2b) 116736 : *vo\episode_1\c17\al_garage_stragglers01.wav
 ( 2b) 208640 : *vo\episode_1\c17\al_garage_stragglers02.wav
 ( 2b)  71680 : *vo\episode_1\c17\al_evac_congrat01.wav
 ( 2b) 217344 : *vo\episode_1\c17\al_antlions_cutsupply.wav
 ( 2b) 197632 : *vo\episode_1\c17\al_antlions_keepcontrol.wav
 ( 2b) 304128 : *vo\episode_1\c17\al_antlions_runoutbullets.wav
 ( 2b)  98816 : *vo\episode_1\c17\al_antlions_goodidea.wav
 ( 2b) 249856 : *vo\episode_1\c17\al_antlions_plugthatway.wav
 ( 2b) 131072 : *vo\episode_1\citadel\al_start_getgravgun03.wav
 ( 2b) 132096 : *vo\episode_1\citadel\al_start_getgravgun02.wav
 ( 2b) 110208 : *vo\episode_1\citadel\al_nag_keepmoving01.wav
 ( 2b) 112128 : *vo\episode_1\citadel\al_nag_keepmoving02.wav
 ( 2b)  84224 : *vo\episode_1\citadel\al_nag_keepmoving03.wav
 ( 2b) 126592 : *vo\episode_1\intro\al_getinvan_nag01.wav
 ( 2b) 138752 : *vo\episode_1\intro\al_getinvan_nag02.wav
 ( 2b) 171520 : *vo\episode_1\intro\al_getinvan_nag03.wav
 ( 2b) 314624 : *vo\episode_1\citadel\al_crumbling.wav
 ( 2b) 191488 : *vo\episode_1\citadel\al_apartatseams.wav
 ( 2b) 251392 : *vo\episode_1\citadel\al_block_canyoumovethat.wav
 ( 2b) 150528 : *vo\episode_1\citadel\al_block_movedebris.wav
 ( 2b)  39168 : *vo\episode_1\citadel\al_block_comeon.wav
 ( 2b)  99712 : *vo\episode_1\citadel\al_whereyougoing.wav
 ( 2b) 104832 : *vo\episode_1\citadel\al_itsthiswaygordon.wav
 ( 2b)  78208 : *vo\episode_1\citadel\al_itsthisway.wav
 ( 2b) 112000 : *vo\episode_1\citadel\al_start_getgravgun01.wav
 ( 2b)  83072 : *vo\episode_1\citadel\al_hurrygord01.wav
 ( 2b) 180736 : *vo\episode_1\citadel\al_getstarted.wav
 ( 2b) 237312 : *vo\episode_1\c17\al_needtokeepmoving.wav
 ( 2b) 163328 : *vo\episode_1\citadel\al_stalkers_findroller.wav
 ( 2b) 100096 : *vo\episode_1\citadel\al_stalkers_letitgo01.wav
 ( 2b) 141568 : *vo\episode_1\citadel\al_stalkers_pitchit.wav
 ( 2b) 102528 : *vo\episode_1\citadel\al_stalk_getemoff03.wav
 ( 2b) 232448 : *vo\episode_1\citadel\al_stalk_getemoff07.wav
 ( 2b) 158464 : *vo\episode_1\citadel\al_stalk_getemoff09.wav
 ( 2b) 113408 : *vo\episode_1\citadel\al_stalk_getemoff06.wav
 ( 2b) 126592 : *vo\episode_1\citadel\al_stalk_crushed01.wav
 ( 2b)  94464 : *vo\episode_1\citadel\al_stalk_crushed02.wav
 ( 2b) 164096 : *vo\episode_1\c17\al_pb_findapb.wav
 ( 2b) 220580 : *vo\episode_1\c17\al_pb_reminders02.wav
 ( 2b) 134800 : *vo\episode_1\c17\al_dark_needlight_01.wav
 ( 2b) 209658 : *vo\episode_1\c17\al_pb_reminders05.wav
 ( 2b) 100040 : *vo\episode_1\npc\alyx\al_swamped04.wav
 ( 2b)  46848 : *vo\episode_1\c17\al_letsgo03.wav
 ( 2b) 232448 : *vo\episode_1\c17\al_elev_power_nag01.wav
 ( 2b) 171008 : *vo\episode_1\c17\al_elev_power_nag02.wav
 ( 2b) 296960 : *vo\episode_1\c17\al_elev_power_nag03.wav
 ( 2b) 125952 : *vo\episode_1\c17\al_elev_hearsomething01.wav
 ( 2b)  92928 : *vo\episode_1\c17\al_evac_remind01.wav
 ( 2b) 106496 : *vo\episode_1\c17\al_evac_remind02.wav
 ( 2b) 117248 : *vo\episode_1\c17\al_evac_remind03.wav
 ( 2b) 152320 : *vo\episode_1\c17\al_evac_remind04.wav
 ( 2b) 119056 : *vo\episode_1\npc\alyx\al_laugh03.wav
 ( 2b)  23010 : weapons\alyx_gun\alyx_gun_fire3.wav
 ( 2b)  27686 : weapons\alyx_gun\alyx_gun_fire4.wav
 ( 4b) 127996 : ^weapons\alyx_gun\alyx_gun_fire5.wav
 ( 4b) 133852 : ^weapons\alyx_gun\alyx_gun_fire6.wav
 ( 2b)  83176 : *vo\k_lab\eli_didntcomethru.wav
 ( 2b)  84898 : *vo\k_lab\al_careful.wav
 ( 2b)  77350 : *vo\k_lab\ba_whatthehell.wav
 ( 1b)  27324 : *vo\k_lab\kl_careful.wav
 ( 2b)  84858 : *vo\k_lab\kl_dearme.wav
 ( 2b)  52882 : *vo\k_lab\al_uhoh01.wav
 ( 2b)  98176 : *vo\k_lab\al_carefulthere.wav
 ( 2b)  70028 : *vo\k_lab\al_careful02.wav
 ( 2b) 107994 : *vo\k_lab\al_takeiteasy.wav
 ( 2b)  22162 : *vo\k_lab\al_hmm.wav
 ( 2b)  38554 : *vo\k_lab\ba_whoops.wav
 ( 2b)  43592 : *vo\k_lab\ba_careful01.wav
 ( 2b)  68862 : *vo\k_lab\ba_careful02.wav
 ( 2b)  94806 : *vo\k_lab\ba_pushinit.wav
 ( 2b) 128952 : *vo\k_lab\ba_pissinmeoff.wav
 ( 2b) 244064 : *vo\eli_lab\vort_elab_use01.wav
 ( 2b) 225888 : *vo\eli_lab\vort_elab_use02.wav
 ( 2b) 228484 : *vo\eli_lab\vort_elab_use03.wav
 ( 2b) 321956 : *vo\eli_lab\vort_elab_use04.wav
 ( 2b) 306378 : *vo\eli_lab\vort_elab_use05.wav
 ( 2b) 215358 : *vo\npc\vortigaunt\beofservice.wav
 ( 2b) 168398 : *vo\npc\male01\vanswer01.wav
 ( 2b) 145760 : *vo\npc\female01\vanswer01.wav
 ( 2b)  95980 : *vo\npc\male01\vanswer02.wav
 ( 2b) 120748 : *vo\npc\female01\vanswer02.wav
 ( 2b) 190416 : *vo\npc\male01\vanswer03.wav
 ( 2b) 114132 : *vo\npc\female01\vanswer03.wav
 ( 2b)  97588 : *vo\npc\male01\vanswer04.wav
 ( 2b) 126780 : *vo\npc\female01\vanswer04.wav
 ( 2b)  85798 : *vo\npc\male01\vanswer05.wav
 ( 2b)  96728 : *vo\npc\female01\vanswer05.wav
 ( 2b)  99072 : *vo\npc\male01\vanswer06.wav
 ( 2b) 101768 : *vo\npc\female01\vanswer06.wav
 ( 2b) 218650 : *vo\npc\male01\vanswer07.wav
 ( 2b) 159304 : *vo\npc\female01\vanswer07.wav
 ( 2b) 137114 : *vo\npc\male01\vanswer08.wav
 ( 2b) 146502 : *vo\npc\female01\vanswer08.wav
 ( 2b) 203882 : *vo\npc\male01\vanswer09.wav
 ( 2b) 145598 : *vo\npc\female01\vanswer09.wav
 ( 2b) 212814 : *vo\npc\male01\vanswer10.wav
 ( 2b) 286248 : *vo\npc\female01\vanswer10.wav
 ( 2b) 130702 : *vo\npc\male01\vanswer11.wav
 ( 2b) 176376 : *vo\npc\female01\vanswer11.wav
 ( 2b) 147800 : *vo\npc\male01\vanswer12.wav
 ( 2b) 152882 : *vo\npc\female01\vanswer12.wav
 ( 2b) 102250 : *vo\npc\male01\vanswer13.wav
 ( 2b) 110410 : *vo\npc\female01\vanswer13.wav
 ( 2b) 147952 : *vo\npc\male01\vanswer14.wav
 ( 2b) 139324 : *vo\npc\female01\vanswer14.wav
 ( 2b)  85918 : *vo\npc\vortigaunt\allowme.wav
 ( 2b) 174346 : *vo\npc\vortigaunt\livetoserve.wav
 ( 2b) 202328 : *vo\npc\vortigaunt\itishonor.wav
 ( 2b) 176558 : *vo\npc\vortigaunt\wehonored.wav
 ( 2b) 123066 : *vo\npc\vortigaunt\ourhonor.wav
 ( 2b) 246704 : *vo\npc\vortigaunt\canconvince.wav
 ( 2b) 212950 : *vo\npc\vortigaunt\willremain.wav
 ( 2b) 208876 : *vo\npc\vortigaunt\fearfailed.wav
 ( 2b) 267666 : *vo\npc\vortigaunt\servebetterhere.wav
 ( 2b)  58806 : *vo\npc\vortigaunt\certainly.wav
 ( 2b) 106346 : *vo\npc\vortigaunt\asyouwish.wav
 ( 2b) 184788 : *vo\npc\vortigaunt\affirmed.wav
 ( 2b) 860786 : *vo\coast\bugbait\vort_extract01.wav
 ( 2b) 439212 : *vo\coast\bugbait\vort_podsforyou01.wav
 ( 2b) 358944 : *vo\coast\bugbait\vort_podnag.wav
 ( 2b) 316550 : *vo\npc\male01\abouttime01.wav
 ( 2b) 238286 : *vo\npc\female01\abouttime01.wav
 ( 2b) 339712 : *vo\npc\male01\abouttime02.wav
 ( 2b) 262820 : *vo\npc\female01\abouttime02.wav
 ( 2b) 100514 : *vo\npc\male01\ahgordon01.wav
 ( 2b) 132784 : *vo\npc\female01\ahgordon01.wav
 ( 2b) 116144 : *vo\npc\male01\ahgordon02.wav
 ( 2b) 147766 : *vo\npc\female01\ahgordon02.wav
 ( 2b)  70976 : *vo\npc\male01\docfreeman01.wav
 ( 2b)  63436 : *vo\npc\female01\docfreeman01.wav
 ( 2b)  60212 : *vo\npc\male01\docfreeman02.wav
 ( 2b)  60330 : *vo\npc\female01\docfreeman02.wav
 ( 2b)  74488 : *vo\npc\male01\hellodrfm01.wav
 ( 2b)  94052 : *vo\npc\female01\hellodrfm01.wav
 ( 2b)  69520 : *vo\npc\male01\hellodrfm02.wav
 ( 2b)  86342 : *vo\npc\female01\hellodrfm02.wav
 ( 2b)  42028 : *vo\npc\male01\heydoc01.wav
 ( 2b)  45280 : *vo\npc\female01\heydoc01.wav
 ( 2b)  40068 : *vo\npc\male01\heydoc02.wav
 ( 2b)  56184 : *vo\npc\female01\heydoc02.wav
 ( 2b)  20778 : *vo\npc\male01\hi01.wav
 ( 2b)  33346 : *vo\npc\female01\hi01.wav
 ( 2b)  30254 : *vo\npc\male01\hi02.wav
 ( 2b)  27820 : *vo\npc\female01\hi02.wav
 ( 2b) 191746 : *vo\npc\male01\doingsomething.wav
 ( 2b) 140684 : *vo\npc\female01\doingsomething.wav
 ( 2b)  90918 : *vo\npc\male01\getgoingsoon.wav
 ( 2b) 135254 : *vo\npc\female01\getgoingsoon.wav
 ( 2b)  88588 : *vo\npc\male01\waitingsomebody.wav
 ( 2b) 100398 : *vo\npc\female01\waitingsomebody.wav
 ( 2b)  54386 : *vo\npc\male01\sorryfm01.wav
 ( 2b)  73216 : *vo\npc\female01\sorryfm01.wav
 ( 2b)  76802 : *vo\npc\male01\sorryfm02.wav
 ( 2b)  73472 : *vo\npc\female01\sorryfm02.wav
 ( 2b)  63532 : *vo\npc\male01\sorrydoc01.wav
 ( 2b)  53440 : *vo\npc\female01\sorrydoc01.wav
 ( 2b)  88286 : *vo\npc\male01\sorrydoc02.wav
 ( 2b)  77440 : *vo\npc\female01\sorrydoc02.wav
 ( 2b)  62344 : *vo\npc\male01\sorrydoc04.wav
 ( 2b)  77704 : *vo\npc\female01\sorrydoc04.wav
 ( 2b)  51960 : *vo\npc\male01\excuseme01.wav
 ( 2b)  44480 : *vo\npc\female01\excuseme01.wav
 ( 2b)  62578 : *vo\npc\male01\excuseme02.wav
 ( 2b)  45952 : *vo\npc\female01\excuseme02.wav
 ( 2b)  72744 : *vo\npc\male01\pardonme01.wav
 ( 2b)  36032 : *vo\npc\female01\pardonme01.wav
 ( 2b)  39408 : *vo\npc\male01\pardonme02.wav
 ( 2b)  37632 : *vo\npc\female01\pardonme02.wav
 ( 2b)  41422 : *vo\npc\male01\sorry01.wav
 ( 2b)  51328 : *vo\npc\female01\sorry01.wav
 ( 2b)  33648 : *vo\npc\male01\sorry02.wav
 ( 2b)  65024 : *vo\npc\female01\sorry02.wav
 ( 2b)  45938 : *vo\npc\male01\sorry03.wav
 ( 2b)  54246 : *vo\npc\female01\sorry03.wav
 ( 2b)  70400 : *vo\npc\male01\outofyourway02.wav
 ( 2b)  76800 : *vo\npc\female01\outofyourway02.wav
 ( 2b)  36094 : *vo\npc\male01\whoops01.wav
 ( 2b)  42518 : *vo\npc\female01\whoops01.wav
 ( 2b) 118136 : *vo\npc\male01\vquestion01.wav
 ( 2b) 124372 : *vo\npc\female01\vquestion01.wav
 ( 2b) 228960 : *vo\npc\male01\vquestion02.wav
 ( 2b) 202590 : *vo\npc\female01\vquestion02.wav
 ( 2b) 226644 : *vo\npc\male01\vquestion03.wav
 ( 2b) 291812 : *vo\npc\female01\vquestion03.wav
 ( 2b) 174746 : *vo\npc\male01\vquestion04.wav
 ( 2b) 211456 : *vo\npc\female01\vquestion04.wav
 ( 2b)  82732 : *vo\npc\male01\vquestion05.wav
 ( 2b) 102340 : *vo\npc\female01\vquestion05.wav
 ( 2b) 132480 : *vo\npc\male01\vquestion06.wav
 ( 2b) 126604 : *vo\npc\female01\vquestion06.wav
 ( 2b) 210684 : *vo\npc\male01\vquestion07.wav
 ( 2b) 238972 : *vo\npc\female01\vquestion07.wav
 ( 2b)  56540 : *vo\npc\male01\gordead_ques01.wav
 ( 2b)  67344 : *vo\npc\female01\gordead_ques01.wav
 ( 2b)  71912 : *vo\npc\male01\gordead_ques02.wav
 ( 2b)  89034 : *vo\npc\female01\gordead_ques02.wav
 ( 2b) 178648 : *vo\npc\male01\gordead_ques03a.wav
 ( 2b) 108914 : *vo\npc\male01\gordead_ques03b.wav
 ( 2b) 150572 : *vo\npc\male01\gordead_ques04.wav
 ( 2b) 123106 : *vo\npc\female01\gordead_ques04.wav
 ( 2b)  90282 : *vo\npc\male01\gordead_ques05.wav
 ( 2b) 118484 : *vo\npc\female01\gordead_ques05.wav
 ( 2b)  66680 : *vo\npc\male01\gordead_ques06.wav
 ( 2b)  76958 : *vo\npc\female01\gordead_ques06.wav
 ( 2b) 144166 : *vo\npc\male01\gordead_ques07.wav
 ( 2b) 114792 : *vo\npc\female01\gordead_ques07.wav
 ( 2b) 149920 : *vo\npc\male01\gordead_ques08.wav
 ( 2b) 151322 : *vo\npc\female01\gordead_ques08.wav
 ( 2b)  62390 : *vo\npc\male01\gordead_ques10.wav
 ( 2b) 117800 : *vo\npc\female01\gordead_ques10.wav
 ( 2b)  88312 : *vo\npc\male01\gordead_ques11.wav
 ( 2b) 156452 : *vo\npc\female01\gordead_ques11.wav
 ( 2b) 157320 : *vo\npc\male01\gordead_ques12.wav
 ( 2b) 122754 : *vo\npc\female01\gordead_ques12.wav
 ( 2b) 121662 : *vo\npc\male01\gordead_ques13.wav
 ( 2b) 134752 : *vo\npc\female01\gordead_ques13.wav
 ( 2b) 113198 : *vo\npc\male01\gordead_ques14.wav
 ( 2b) 178982 : *vo\npc\female01\gordead_ques14.wav
 ( 2b) 382036 : *vo\npc\male01\gordead_ques15.wav
 ( 2b) 333672 : *vo\npc\female01\gordead_ques15.wav
 ( 2b)  60556 : *vo\npc\male01\gordead_ques16.wav
 ( 2b)  45670 : *vo\npc\female01\gordead_ques16.wav
 ( 2b)  87186 : *vo\npc\male01\gordead_ques17.wav
 ( 2b) 123336 : *vo\npc\female01\gordead_ques17.wav
 ( 2b)  86018 : *vo\npc\male01\gordead_ans01.wav
 ( 2b)  70264 : *vo\npc\female01\gordead_ans01.wav
 ( 2b) 114116 : *vo\npc\male01\gordead_ans02.wav
 ( 2b) 153062 : *vo\npc\female01\gordead_ans02.wav
 ( 2b)  54248 : *vo\npc\male01\gordead_ans03.wav
 ( 2b)  62068 : *vo\npc\female01\gordead_ans03.wav
 ( 2b)  57114 : *vo\npc\male01\gordead_ans04.wav
 ( 2b)  67588 : *vo\npc\female01\gordead_ans04.wav
 ( 2b)  43904 : *vo\npc\male01\gordead_ans05.wav
 ( 2b)  72956 : *vo\npc\female01\gordead_ans05.wav
 ( 2b) 195018 : *vo\npc\male01\gordead_ans06.wav
 ( 2b)  72888 : *vo\npc\female01\gordead_ans06.wav
 ( 2b) 259118 : *vo\npc\male01\gordead_ans07.wav
 ( 2b) 300904 : *vo\npc\female01\gordead_ans07.wav
 ( 2b)  85730 : *vo\npc\male01\gordead_ans08.wav
 ( 2b) 114594 : *vo\npc\female01\gordead_ans08.wav
 ( 2b) 154542 : *vo\npc\male01\gordead_ans09.wav
 ( 2b) 191156 : *vo\npc\female01\gordead_ans09.wav
 ( 2b)  74904 : *vo\npc\male01\gordead_ans10.wav
 ( 2b)  62494 : *vo\npc\female01\gordead_ans10.wav
 ( 2b)  62862 : *vo\npc\male01\gordead_ans11.wav
 ( 2b)  69948 : *vo\npc\female01\gordead_ans11.wav
 ( 2b)  64168 : *vo\npc\male01\gordead_ans12.wav
 ( 2b)  80778 : *vo\npc\female01\gordead_ans12.wav
 ( 2b)  70166 : *vo\npc\male01\gordead_ans13.wav
 ( 2b)  93976 : *vo\npc\female01\gordead_ans13.wav
 ( 2b)  54754 : *vo\npc\male01\gordead_ans14.wav
 ( 2b)  71250 : *vo\npc\female01\gordead_ans14.wav
 ( 2b) 147608 : *vo\npc\male01\gordead_ans15.wav
 ( 2b) 162560 : *vo\npc\female01\gordead_ans15.wav
 ( 2b)  53606 : *vo\npc\male01\gordead_ans16.wav
 ( 2b)  72332 : *vo\npc\female01\gordead_ans16.wav
 ( 2b) 274228 : *vo\npc\male01\gordead_ans17.wav
 ( 2b) 163104 : *vo\npc\female01\gordead_ans17.wav
 ( 2b) 162584 : *vo\npc\male01\gordead_ans18.wav
 ( 2b) 222652 : *vo\npc\female01\gordead_ans18.wav
 ( 2b)  92440 : *vo\npc\male01\gordead_ans19.wav
 ( 2b)  95544 : *vo\npc\female01\gordead_ans19.wav
 ( 2b) 111318 : *vo\npc\male01\gordead_ans20.wav
 ( 2b) 106650 : *vo\npc\female01\gordead_ans20.wav
 ( 2b)  64054 : *vo\npc\male01\health01.wav
 ( 2b)  69760 : *vo\npc\female01\health01.wav
 ( 2b)  61788 : *vo\npc\male01\health02.wav
 ( 2b)  87936 : *vo\npc\female01\health02.wav
 ( 2b)  64830 : *vo\npc\male01\health03.wav
 ( 2b)  69888 : *vo\npc\female01\health03.wav
 ( 2b)  72512 : *vo\npc\male01\health04.wav
 ( 2b)  72000 : *vo\npc\female01\health04.wav
 ( 2b) 117556 : *vo\npc\male01\health05.wav
 ( 2b)  83712 : *vo\npc\female01\health05.wav
 ( 2b)  92160 : *vo\npc\male01\ammo01.wav
 ( 2b)  92800 : *vo\npc\female01\ammo01.wav
 ( 2b)  65456 : *vo\npc\male01\ammo02.wav
 ( 2b)  82688 : *vo\npc\female01\ammo02.wav
 ( 2b)  61692 : *vo\npc\male01\ammo03.wav
 ( 2b)  68352 : *vo\npc\female01\ammo03.wav
 ( 2b)  65562 : *vo\npc\male01\ammo04.wav
 ( 2b)  59904 : *vo\npc\female01\ammo04.wav
 ( 2b)  68928 : *vo\npc\male01\ammo05.wav
 ( 2b)  66368 : *vo\npc\female01\ammo05.wav
 ( 2b)  56234 : *vo\npc\male01\watchout.wav
 ( 2b)  64128 : *vo\npc\female01\watchout.wav
 ( 2b)  42996 : *vo\npc\male01\uhoh.wav
 ( 2b)  45056 : *vo\npc\female01\uhoh.wav
 ( 2b)  77748 : *vo\npc\male01\lookoutfm01.wav
 ( 2b)  87552 : *vo\npc\female01\lookoutfm01.wav
 ( 2b)  43120 : *vo\npc\male01\startle01.wav
 ( 2b)  19328 : *vo\npc\female01\startle01.wav
 ( 2b)  60760 : *vo\npc\male01\startle02.wav
 ( 2b)  25504 : *vo\npc\female01\startle02.wav
 ( 2b)  77456 : *vo\npc\male01\getdown02.wav
 ( 2b)  80768 : *vo\npc\female01\getdown02.wav
 ( 2b) 176500 : *vo\npc\male01\strider_run.wav
 ( 2b)  70784 : *vo\npc\female01\strider_run.wav
 ( 2b) 215722 : *vo\npc\male01\gethellout.wav
 ( 2b) 114240 : *vo\npc\female01\gethellout.wav
 ( 2b)  49452 : *vo\npc\male01\headsup01.wav
 ( 2b)  42496 : *vo\npc\female01\headsup01.wav
 ( 2b)  98180 : *vo\npc\male01\headsup02.wav
 ( 2b)  43840 : *vo\npc\female01\headsup02.wav
 ( 2b)  80174 : *vo\npc\male01\incoming02.wav
 ( 2b)  65216 : *vo\npc\female01\incoming02.wav
 ( 2b)  76636 : *vo\npc\male01\takecover02.wav
 ( 2b)  51584 : *vo\npc\female01\takecover02.wav
 ( 2b) 102170 : *vo\npc\male01\coverwhilereload01.wav
 ( 2b) 102464 : *vo\npc\female01\coverwhilereload01.wav
 ( 2b) 110342 : *vo\npc\male01\coverwhilereload02.wav
 ( 2b) 109568 : *vo\npc\female01\coverwhilereload02.wav
 ( 2b)  78670 : *vo\npc\male01\gottareload01.wav
 ( 2b)  68480 : *vo\npc\female01\gottareload01.wav
 ( 2b)  67644 : *vo\npc\male01\nice.wav
 ( 2b)  61952 : *vo\npc\female01\nice01.wav
 ( 2b)  63168 : *vo\npc\female01\nice02.wav
 ( 2b)  74886 : *vo\npc\male01\thislldonicely01.wav
 ( 2b)  87360 : *vo\npc\female01\thislldonicely01.wav
 ( 2b)  77194 : *vo\npc\male01\yeah02.wav
 ( 2b)  63936 : *vo\npc\female01\yeah02.wav
 ( 2b) 152342 : *vo\npc\male01\fantastic01.wav
 ( 2b)  88832 : *vo\npc\female01\fantastic01.wav
 ( 2b)  74084 : *vo\npc\male01\fantastic02.wav
 ( 2b)  79616 : *vo\npc\female01\fantastic02.wav
 ( 2b)  73884 : *vo\npc\male01\finally.wav
 ( 2b)  87552 : *vo\npc\female01\finally.wav
 ( 2b) 235836 : *vo\npc\male01\oneforme.wav
 ( 2b) 127744 : *vo\npc\male01\evenodds.wav
 ( 2b)  45734 : *vo\npc\male01\ow01.wav
 ( 2b)  35328 : *vo\npc\female01\ow01.wav
 ( 2b)  59454 : *vo\npc\male01\ow02.wav
 ( 2b)  51264 : *vo\npc\female01\ow02.wav
 ( 2b)  75958 : *vo\npc\male01\imhurt01.wav
 ( 2b)  59136 : *vo\npc\female01\imhurt01.wav
 ( 2b)  34418 : *vo\npc\male01\imhurt02.wav
 ( 2b)  75776 : *vo\npc\female01\imhurt02.wav
 ( 2b) 121658 : *vo\npc\male01\no01.wav
 ( 2b)  60032 : *vo\npc\female01\no01.wav
 ( 2b) 122196 : *vo\npc\male01\no02.wav
 ( 2b)  59520 : *vo\npc\female01\no02.wav
 ( 2b)  89334 : *vo\npc\male01\myarm01.wav
 ( 2b) 120576 : *vo\npc\female01\myarm01.wav
 ( 2b) 128824 : *vo\npc\male01\myarm02.wav
 ( 2b) 111360 : *vo\npc\female01\myarm02.wav
 ( 2b) 101728 : *vo\npc\male01\myleg01.wav
 ( 2b) 159872 : *vo\npc\female01\myleg01.wav
 ( 2b) 113856 : *vo\npc\male01\myleg02.wav
 ( 2b)  93440 : *vo\npc\female01\myleg02.wav
 ( 2b) 166458 : *vo\npc\male01\mygut02.wav
 ( 2b) 155008 : *vo\npc\female01\mygut02.wav
 ( 2b) 169782 : *vo\npc\male01\hitingut01.wav
 ( 2b) 198272 : *vo\npc\female01\hitingut01.wav
 ( 2b) 127788 : *vo\npc\male01\hitingut02.wav
 ( 2b) 195456 : *vo\npc\female01\hitingut02.wav
 ( 2b)  81242 : *vo\npc\male01\lookoutfm02.wav
 ( 2b)  88832 : *vo\npc\female01\lookoutfm02.wav
 ( 2b)  51666 : *vo\npc\male01\upthere01.wav
 ( 2b)  59904 : *vo\npc\female01\upthere01.wav
 ( 2b)  58734 : *vo\npc\male01\upthere02.wav
 ( 2b)  56832 : *vo\npc\female01\upthere02.wav
 ( 2b)  69802 : *vo\npc\male01\behindyou01.wav
 ( 2b)  67712 : *vo\npc\female01\behindyou01.wav
 ( 2b) 109186 : *vo\npc\male01\behindyou02.wav
 ( 2b)  68992 : *vo\npc\female01\behindyou02.wav
 ( 2b)  51900 : *vo\npc\male01\overthere01.wav
 ( 2b)  57280 : *vo\npc\female01\overthere01.wav
 ( 2b)  64084 : *vo\npc\male01\overthere02.wav
 ( 2b)  60608 : *vo\npc\female01\overthere02.wav
 ( 2b)  73766 : *vo\npc\male01\gotone01.wav
 ( 2b)  42816 : *vo\npc\female01\gotone01.wav
 ( 2b)  92044 : *vo\npc\male01\gotone02.wav
 ( 2b)  60096 : *vo\npc\female01\gotone02.wav
 ( 2b) 100916 : *vo\npc\male01\likethat.wav
 ( 2b)  82560 : *vo\npc\female01\likethat.wav
 ( 2b) 156068 : *vo\npc\male01\onyourside.wav
 ( 2b) 147328 : *vo\npc\female01\onyourside.wav
 ( 2b)  83738 : *vo\npc\male01\stopitfm.wav
 ( 2b)  98816 : *vo\npc\female01\stopitfm.wav
 ( 2b) 108908 : *vo\npc\male01\watchwhat.wav
 ( 2b)  99584 : *vo\npc\female01\watchwhat.wav
 ( 2b) 105756 : *vo\npc\male01\heretohelp01.wav
 ( 2b) 118016 : *vo\npc\female01\heretohelp01.wav
 ( 2b) 105066 : *vo\npc\male01\heretohelp02.wav
 ( 2b) 136192 : *vo\npc\female01\heretohelp02.wav
 ( 2b) 107896 : *vo\npc\male01\wetrustedyou01.wav
 ( 2b) 103296 : *vo\npc\female01\wetrustedyou01.wav
 ( 2b)  89806 : *vo\npc\male01\wetrustedyou02.wav
 ( 2b) 118016 : *vo\npc\female01\wetrustedyou02.wav
 ( 2b) 139140 : *vo\npc\male01\notthemanithought01.wav
 ( 2b) 137472 : *vo\npc\female01\notthemanithought01.wav
 ( 2b) 109912 : *vo\npc\male01\notthemanithought02.wav
 ( 2b) 147200 : *vo\npc\female01\notthemanithought02.wav
 ( 2b)  52728 : *vo\npc\male01\ohno.wav
 ( 2b)  69888 : *vo\npc\female01\ohno.wav
 ( 2b)  98000 : *vo\npc\male01\goodgod.wav
 ( 2b)  76544 : *vo\npc\female01\goodgod.wav
 ( 2b)  81894 : *vo\npc\male01\combine01.wav
 ( 2b)  71680 : *vo\npc\female01\combine01.wav
 ( 2b)  67840 : *vo\npc\male01\combine02.wav
 ( 2b)  64384 : *vo\npc\female01\combine02.wav
 ( 2b) 112536 : *vo\npc\male01\headcrabs01.wav
 ( 2b)  80704 : *vo\npc\female01\headcrabs01.wav
 ( 2b)  72676 : *vo\npc\male01\headcrabs02.wav
 ( 2b)  73664 : *vo\npc\female01\headcrabs02.wav
 ( 2b) 107818 : *vo\npc\male01\zombies01.wav
 ( 2b)  78400 : *vo\npc\female01\zombies01.wav
 ( 2b)  72534 : *vo\npc\male01\zombies02.wav
 ( 2b)  72320 : *vo\npc\female01\zombies02.wav
 ( 2b)  97402 : *vo\npc\male01\scanners01.wav
 ( 2b)  58752 : *vo\npc\female01\scanners01.wav
 ( 2b)  98854 : *vo\npc\male01\scanners02.wav
 ( 2b)  78592 : *vo\npc\female01\scanners02.wav
 ( 2b) 205918 : *vo\npc\male01\strider.wav
 ( 2b)  83968 : *vo\npc\female01\strider.wav
 ( 2b)  93524 : *vo\npc\male01\itsamanhack01.wav
 ( 2b)  87168 : *vo\npc\female01\itsamanhack01.wav
 ( 2b)  78018 : *vo\npc\male01\itsamanhack02.wav
 ( 2b)  76416 : *vo\npc\female01\itsamanhack02.wav
 ( 2b) 111342 : *vo\npc\male01\herecomehacks01.wav
 ( 2b)  81024 : *vo\npc\female01\herecomehacks01.wav
 ( 2b) 116118 : *vo\npc\male01\herecomehacks02.wav
 ( 2b)  90752 : *vo\npc\female01\herecomehacks02.wav
 ( 2b) 149868 : *vo\npc\male01\thehacks01.wav
 ( 2b)  63616 : *vo\npc\female01\thehacks01.wav
 ( 2b)  58028 : *vo\npc\male01\thehacks02.wav
 ( 2b)  61440 : *vo\npc\female01\thehacks02.wav
 ( 2b) 109848 : *vo\npc\male01\hacks01.wav
 ( 2b)  56256 : *vo\npc\female01\hacks01.wav
 ( 2b)  68296 : *vo\npc\male01\hacks02.wav
 ( 2b)  53696 : *vo\npc\female01\hacks02.wav
 ( 2b) 101202 : *vo\npc\male01\cps01.wav
 ( 2b)  77326 : *vo\npc\female01\cps01.wav
 ( 2b) 134936 : *vo\npc\male01\cps02.wav
 ( 2b)  83772 : *vo\npc\female01\cps02.wav
 ( 2b) 106824 : *vo\npc\male01\civilprotection01.wav
 ( 2b) 109546 : *vo\npc\female01\civilprotection01.wav
 ( 2b) 112448 : *vo\npc\male01\civilprotection02.wav
 ( 2b) 115990 : *vo\npc\female01\civilprotection02.wav
 ( 2b)  51882 : *vo\npc\alyx\getback01.wav
 ( 2b)  55854 : *vo\npc\alyx\getback02.wav
 ( 2b)  79708 : *vo\npc\alyx\gasp02.wav
 ( 2b)  40928 : *vo\npc\alyx\gasp03.wav
 ( 2b)  42020 : *vo\npc\alyx\hurt04.wav
 ( 2b)  69640 : *vo\npc\alyx\hurt05.wav
 ( 2b)  47468 : *vo\npc\alyx\hurt06.wav
 ( 2b)  34328 : *vo\npc\alyx\hurt08.wav
 ( 2b)  46488 : *vo\npc\alyx\uggh01.wav
 ( 2b)  83642 : *vo\npc\alyx\brutal02.wav
 ( 2b)  63158 : *vo\npc\alyx\lookout01.wav
 ( 2b)  60894 : *vo\npc\alyx\lookout03.wav
 ( 2b)  98940 : *vo\npc\alyx\ohno_startle01.wav
 ( 2b) 145336 : *vo\npc\alyx\ohno_startle03.wav
 ( 2b)  68438 : *vo\eli_lab\al_comeongord01.wav
 ( 2b)  66846 : *vo\eli_lab\al_comeongord02.wav
 ( 2b)  54154 : *vo\npc\alyx\uggh02.wav
 ( 2b)  59646 : *vo\npc\alyx\gordon_dist01.wav
 ( 2b) 329284 : *vo\citadel\al_struggle01.wav
 ( 2b) 288062 : *vo\citadel\al_struggle02.wav
 ( 2b) 340640 : *vo\citadel\al_struggle03.wav
 ( 2b)  64344 : *vo\citadel\al_struggle07.wav
 ( 2b) 122054 : *vo\citadel\al_thegravgun04.wav
 ( 2b)  76246 : *vo\eli_lab\al_cmongord01.wav
 ( 2b)  50598 : *vo\novaprospekt\al_gordon01.wav
 ( 2b)  39256 : *vo\streetwar\alyx_gate\al_hey.wav
 ( 2b)  42856 : player\footsteps\concrete1.wav
 ( 2b)  63422 : player\footsteps\concrete3.wav
 ( 2b)  54952 : player\footsteps\concrete2.wav
 ( 2b)  39124 : player\footsteps\concrete4.wav
 ( 2b)  15168 : physics\plastic\plastic_box_impact_soft2.wav
 ( 2b)  17248 : physics\plastic\plastic_box_impact_soft3.wav
 ( 2b)  10432 : physics\plastic\plastic_box_impact_soft4.wav
 ( 2b)  17728 : physics\plastic\plastic_box_impact_hard1.wav
 ( 2b)  18496 : physics\plastic\plastic_box_impact_hard2.wav
 ( 2b)  21952 : physics\plastic\plastic_box_impact_hard3.wav
L( 1b) 126976 : physics\plastic\plastic_box_scrape_smooth_loop2.wav
L( 2b) 165120 : physics\plastic\plastic_box_scrape_smooth_loop1.wav
 ( 2b)  33490 : player\footsteps\metal1.wav
 ( 2b)  43248 : player\footsteps\metal3.wav
 ( 2b)  39178 : player\footsteps\metal2.wav
 ( 2b)  39624 : player\footsteps\metal4.wav
 ( 2b)  27278 : physics\metal\metal_solid_impact_soft1.wav
 ( 2b)  40046 : physics\metal\metal_solid_impact_soft2.wav
 ( 2b)  49592 : physics\metal\metal_solid_impact_soft3.wav
 ( 2b)  24086 : physics\metal\metal_solid_impact_hard1.wav
 ( 2b)  55012 : physics\metal\metal_solid_impact_hard4.wav
 ( 2b)  48794 : physics\metal\metal_solid_impact_hard5.wav
L( 1b) 198749 : physics\metal\metal_box_scrape_smooth_loop1.wav
L( 1b) 131197 : physics\metal\metal_box_scrape_rough_loop1.wav
 ( 2b)  39048 : physics\metal\metal_solid_impact_bullet1.wav
 ( 2b)  59402 : physics\metal\metal_solid_impact_bullet2.wav
 ( 2b)  42666 : physics\metal\metal_solid_impact_bullet3.wav
 ( 2b)  60334 : physics\metal\metal_solid_impact_bullet4.wav
 ( 2b)  39936 : physics\metal\metal_box_footstep1.wav
 ( 2b)  60336 : physics\metal\metal_box_footstep3.wav
 ( 2b)  41216 : physics\metal\metal_box_footstep2.wav
 ( 2b)  51200 : physics\metal\metal_box_footstep4.wav
 ( 2b)  46850 : physics\metal\metal_box_impact_soft1.wav
 ( 2b)  29024 : physics\metal\metal_box_impact_soft2.wav
 ( 2b)  39936 : physics\metal\metal_box_impact_soft3.wav
 ( 2b)  63746 : physics\metal\metal_box_impact_hard1.wav
 ( 2b)  58114 : physics\metal\metal_box_impact_hard2.wav
 ( 2b)  52992 : physics\metal\metal_box_impact_hard3.wav
 ( 2b)  33432 : physics\metal\metal_box_impact_bullet1.wav
 ( 2b)  30104 : physics\metal\metal_box_impact_bullet2.wav
 ( 2b)  30100 : physics\metal\metal_box_impact_bullet3.wav
 ( 1b)  25280 : physics\metal\metal_box_break1.wav
 ( 1b)  28991 : physics\metal\metal_box_break2.wav
 ( 2b)  59846 : player\footsteps\metalgrate1.wav
 ( 2b)  63968 : player\footsteps\metalgrate3.wav
 ( 2b)  70372 : player\footsteps\metalgrate2.wav
 ( 2b)  62926 : player\footsteps\metalgrate4.wav
 ( 2b)  74292 : physics\metal\metal_grate_impact_soft1.wav
 ( 2b)  73178 : physics\metal\metal_grate_impact_soft2.wav
 ( 2b)  56914 : physics\metal\metal_grate_impact_soft3.wav
 ( 2b) 197300 : physics\metal\metal_grate_impact_hard1.wav
 ( 2b) 123472 : physics\metal\metal_grate_impact_hard2.wav
 ( 2b) 126692 : physics\metal\metal_grate_impact_hard3.wav
 ( 2b)  45822 : physics\metal\metal_sheet_impact_bullet1.wav
 ( 2b)  24908 : physics\metal\metal_sheet_impact_bullet2.wav
 ( 2b)  48182 : player\footsteps\duct2.wav
 ( 2b)  65696 : player\footsteps\duct4.wav
 ( 2b)  46172 : player\footsteps\duct1.wav
 ( 2b)  59616 : player\footsteps\duct3.wav
 ( 2b)  67152 : physics\metal\metal_sheet_impact_hard6.wav
 ( 2b)  74444 : physics\metal\metal_sheet_impact_hard7.wav
 ( 2b)  58538 : physics\metal\metal_sheet_impact_hard8.wav
 ( 2b)  43778 : player\footsteps\dirt1.wav
 ( 2b)  75796 : player\footsteps\dirt3.wav
 ( 2b)  75796 : player\footsteps\dirt2.wav
 ( 2b)  54276 : player\footsteps\dirt4.wav
 ( 2b) 112952 : physics\surfaces\sand_impact_bullet2.wav
L( 1b) 110592 : physics\cardboard\cardboard_box_scrape_rough_loop1.wav
 ( 2b) 102404 : physics\surfaces\sand_impact_bullet1.wav
 ( 2b)  87566 : physics\surfaces\sand_impact_bullet3.wav
 ( 2b)  69660 : physics\surfaces\sand_impact_bullet4.wav
 ( 2b)  30756 : player\footsteps\mud1.wav
 ( 2b)  43030 : player\footsteps\mud3.wav
 ( 2b)  27704 : player\footsteps\mud2.wav
 ( 2b)  50200 : player\footsteps\mud4.wav
 ( 2b)  25792 : player\footsteps\grass1.wav
 ( 2b)  28544 : player\footsteps\grass3.wav
 ( 2b)  19904 : player\footsteps\grass2.wav
 ( 2b)  35264 : player\footsteps\grass4.wav
 ( 2b)  37442 : player\footsteps\tile1.wav
 ( 2b)  58476 : player\footsteps\tile3.wav
 ( 2b)  53604 : player\footsteps\tile2.wav
 ( 2b)  25910 : player\footsteps\tile4.wav
 ( 2b)  17164 : physics\surfaces\tile_impact_bullet1.wav
 ( 2b)  18436 : physics\surfaces\tile_impact_bullet2.wav
 ( 2b)  17674 : physics\surfaces\tile_impact_bullet3.wav
 ( 2b)  20734 : physics\surfaces\tile_impact_bullet4.wav
 ( 2b)  53858 : player\footsteps\wood1.wav
 ( 2b)  67570 : player\footsteps\wood3.wav
 ( 2b)  29422 : player\footsteps\wood2.wav
 ( 2b)  50836 : player\footsteps\wood4.wav
 ( 2b)  20392 : physics\wood\wood_plank_impact_soft1.wav
 ( 2b)  43260 : physics\wood\wood_box_impact_soft1.wav
 ( 2b)  32000 : physics\wood\wood_solid_impact_soft2.wav
 ( 2b)  17986 : physics\wood\wood_box_impact_hard1.wav
 ( 2b)  17758 : physics\wood\wood_box_impact_hard2.wav
 ( 2b)  23486 : physics\wood\wood_box_impact_hard3.wav
L( 1b)  81124 : physics\wood\wood_plank_scrape_smooth_loop1.wav
L( 1b) 226292 : physics\wood\wood_solid_scrape_rough_loop1.wav
 ( 2b)  19656 : physics\wood\wood_solid_impact_bullet1.wav
 ( 2b)  36256 : physics\wood\wood_solid_impact_bullet2.wav
 ( 2b)  67466 : physics\wood\wood_solid_impact_bullet3.wav
 ( 2b)  13632 : physics\wood\wood_solid_impact_bullet4.wav
 ( 2b)  39174 : physics\wood\wood_solid_impact_bullet5.wav
 ( 2b)  50736 : physics\wood\wood_plank_break2.wav
 ( 2b)  76428 : physics\wood\wood_plank_break3.wav
 ( 2b)  57948 : physics\wood\wood_plank_break4.wav
 ( 2b)  11744 : physics\wood\wood_box_footstep1.wav
 ( 2b)  16080 : physics\wood\wood_box_footstep2.wav
 ( 2b)  19998 : physics\wood\wood_box_footstep3.wav
 ( 2b)  16864 : physics\wood\wood_box_footstep4.wav
 ( 2b)  23454 : physics\wood\wood_box_impact_soft2.wav
 ( 2b)  30840 : physics\wood\wood_box_impact_soft3.wav
 ( 2b)  28184 : physics\wood\wood_box_impact_hard4.wav
 ( 2b)  28632 : physics\wood\wood_box_impact_hard5.wav
 ( 2b)  22944 : physics\wood\wood_box_impact_hard6.wav
L( 1b) 126891 : physics\wood\wood_box_scrape_smooth_loop1.wav
L( 1b) 193128 : physics\wood\wood_box_scrape_rough_loop1.wav
 ( 2b)  45804 : physics\wood\wood_box_impact_bullet1.wav
 ( 2b)  29502 : physics\wood\wood_box_impact_bullet2.wav
 ( 2b)  36148 : physics\wood\wood_box_impact_bullet3.wav
 ( 2b)  30048 : physics\wood\wood_box_impact_bullet4.wav
 ( 2b)  89956 : physics\wood\wood_box_break1.wav
 ( 2b) 118672 : physics\wood\wood_box_break2.wav
 ( 2b)  56552 : physics\wood\wood_crate_impact_soft1.wav
 ( 2b)  23454 : physics\wood\wood_crate_impact_soft2.wav
 ( 2b)  37266 : physics\wood\wood_crate_impact_soft3.wav
 ( 2b)  49686 : physics\wood\wood_crate_impact_hard4.wav
 ( 2b)  38750 : physics\wood\wood_crate_impact_hard5.wav
 ( 2b)  46592 : physics\wood\wood_panel_impact_hard1.wav
L( 1b) 225384 : physics\wood\wood_crate_scrape_rough_loop1.wav
 ( 2b) 102952 : physics\wood\wood_crate_break1.wav
 ( 2b) 120494 : physics\wood\wood_crate_break2.wav
 ( 2b)  90914 : physics\wood\wood_crate_break3.wav
 ( 2b) 101326 : physics\wood\wood_crate_break4.wav
 ( 2b)  65600 : physics\wood\wood_crate_break5.wav
 ( 2b)  24808 : physics\wood\wood_plank_impact_soft2.wav
 ( 2b)  42828 : physics\wood\wood_plank_impact_soft3.wav
 ( 2b)  26848 : physics\wood\wood_plank_impact_hard1.wav
 ( 2b)  26268 : physics\wood\wood_plank_impact_hard2.wav
 ( 2b)  10452 : physics\wood\wood_plank_impact_hard3.wav
 ( 2b)  13718 : physics\wood\wood_plank_impact_hard4.wav
 ( 2b)  41236 : physics\wood\wood_plank_impact_hard5.wav
L( 1b)  81187 : physics\wood\wood_plank_scrape_rough_loop1.wav
 ( 2b)  30400 : physics\wood\wood_plank_break1.wav
 ( 2b)  41732 : physics\wood\wood_solid_impact_soft1.wav
 ( 2b)  33930 : physics\wood\wood_solid_impact_soft3.wav
 ( 2b)  23918 : physics\wood\wood_solid_impact_hard1.wav
 ( 2b)  26680 : physics\wood\wood_solid_impact_hard2.wav
 ( 2b)  27928 : physics\wood\wood_solid_impact_hard3.wav
 ( 2b)   4846 : physics\wood\wood_furniture_impact_soft1.wav
 ( 2b)  11710 : physics\wood\wood_furniture_impact_soft2.wav
 ( 2b)   6430 : physics\wood\wood_furniture_impact_soft3.wav
 ( 2b) 108254 : physics\wood\wood_furniture_break1.wav
 ( 2b) 111784 : physics\wood\wood_furniture_break2.wav
 ( 2b)  48586 : player\footsteps\woodpanel1.wav
 ( 2b)  51122 : player\footsteps\woodpanel3.wav
 ( 2b)  54012 : player\footsteps\woodpanel2.wav
 ( 2b)  58094 : player\footsteps\woodpanel4.wav
 ( 2b)  57698 : physics\wood\wood_crate_impact_hard2.wav
 ( 2b)  55292 : physics\wood\wood_crate_impact_hard3.wav
 ( 2b)  44478 : physics\wood\wood_panel_break1.wav
 ( 2b)  82552 : player\footsteps\slosh2.wav
 ( 2b)  94192 : player\footsteps\slosh4.wav
 ( 2b)  77828 : player\footsteps\slosh1.wav
 ( 2b)  74218 : player\footsteps\slosh3.wav
 ( 4b) 206876 : player\footsteps\wade1.wav
 ( 4b) 146692 : player\footsteps\wade3.wav
 ( 4b) 205980 : player\footsteps\wade2.wav
 ( 4b) 184272 : player\footsteps\wade4.wav
 ( 2b)  55922 : player\footsteps\ladder1.wav
 ( 2b)  71670 : player\footsteps\ladder3.wav
 ( 2b)  67174 : player\footsteps\ladder2.wav
 ( 2b)  52048 : player\footsteps\ladder4.wav
 ( 2b)  15878 : physics\glass\glass_sheet_step1.wav
 ( 2b)  19840 : physics\glass\glass_sheet_step2.wav
 ( 2b)  18424 : physics\glass\glass_sheet_step3.wav
 ( 2b)  23064 : physics\glass\glass_sheet_step4.wav
 ( 2b)  45976 : physics\glass\glass_sheet_impact_soft1.wav
 ( 2b)  73252 : physics\glass\glass_sheet_impact_soft2.wav
 ( 2b)  44644 : physics\glass\glass_sheet_impact_soft3.wav
 ( 2b)  46656 : physics\glass\glass_sheet_impact_hard1.wav
 ( 2b)  41156 : physics\glass\glass_sheet_impact_hard2.wav
 ( 2b)  47208 : physics\glass\glass_sheet_impact_hard3.wav
 ( 2b)  84884 : physics\glass\glass_impact_bullet1.wav
 ( 2b)  96514 : physics\glass\glass_impact_bullet2.wav
 ( 2b)  98984 : physics\glass\glass_impact_bullet3.wav
 ( 2b) 122274 : physics\glass\glass_impact_bullet4.wav
 ( 2b) 158562 : physics\glass\glass_sheet_break1.wav
 ( 2b) 221712 : physics\glass\glass_sheet_break2.wav
 ( 2b) 105514 : physics\glass\glass_sheet_break3.wav
 ( 2b)  54850 : physics\metal\metal_computer_impact_soft1.wav
 ( 2b)  37114 : physics\metal\metal_computer_impact_soft2.wav
 ( 2b)  42054 : physics\metal\metal_computer_impact_soft3.wav
 ( 2b)  41538 : physics\metal\metal_computer_impact_hard1.wav
 ( 2b)  36642 : physics\metal\metal_computer_impact_hard2.wav
 ( 2b)  32646 : physics\metal\metal_computer_impact_hard3.wav
 ( 2b)  27454 : physics\metal\metal_computer_impact_bullet1.wav
 ( 2b)  22036 : physics\metal\metal_computer_impact_bullet2.wav
 ( 2b)  26230 : physics\metal\metal_computer_impact_bullet3.wav
 ( 2b)  43648 : physics\plastic\plastic_box_impact_bullet1.wav
 ( 2b)  39552 : physics\plastic\plastic_box_impact_bullet2.wav
 ( 2b)  51968 : physics\plastic\plastic_box_impact_bullet3.wav
 ( 2b)  27200 : physics\concrete\concrete_impact_soft1.wav
 ( 2b)  17376 : physics\concrete\concrete_impact_soft2.wav
 ( 2b)  28698 : physics\concrete\concrete_impact_soft3.wav
 ( 2b)  30490 : physics\concrete\concrete_impact_hard1.wav
 ( 2b)  29210 : physics\concrete\concrete_impact_hard2.wav
 ( 2b)  25220 : physics\concrete\concrete_impact_hard3.wav
L( 1b) 202825 : physics\concrete\concrete_scrape_smooth_loop1.wav
L( 1b) 148036 : physics\concrete\rock_scrape_rough_loop1.wav
 ( 2b) 149282 : physics\concrete\concrete_impact_bullet1.wav
 ( 2b) 143998 : physics\concrete\concrete_impact_bullet2.wav
 ( 2b)  67888 : physics\concrete\concrete_impact_bullet3.wav
 ( 2b) 113706 : physics\concrete\concrete_impact_bullet4.wav
 ( 2b)  17376 : physics\concrete\rock_impact_soft1.wav
 ( 2b)  27680 : physics\concrete\rock_impact_soft2.wav
 ( 2b)  28698 : physics\concrete\rock_impact_soft3.wav
 ( 2b)  15446 : physics\concrete\rock_impact_hard4.wav
 ( 2b)  33294 : physics\concrete\rock_impact_hard5.wav
 ( 2b)  16546 : physics\concrete\rock_impact_hard6.wav
 ( 2b)  17290 : physics\concrete\rock_impact_hard1.wav
 ( 2b)  20890 : physics\concrete\rock_impact_hard2.wav
 ( 2b)  10332 : physics\concrete\rock_impact_hard3.wav
 ( 2b)  52282 : physics\concrete\boulder_impact_hard1.wav
 ( 2b)  57706 : physics\concrete\boulder_impact_hard2.wav
 ( 2b)  47630 : physics\concrete\boulder_impact_hard3.wav
 ( 2b)  92096 : physics\concrete\boulder_impact_hard4.wav
L( 2b)  95742 : physics\concrete\concrete_block_scrape_rough_loop1.wav
 ( 2b)  42910 : player\footsteps\gravel1.wav
 ( 2b)  48152 : player\footsteps\gravel3.wav
 ( 2b)  34102 : player\footsteps\gravel2.wav
 ( 2b)  30744 : player\footsteps\gravel4.wav
 ( 2b)  23422 : physics\concrete\concrete_block_impact_hard1.wav
 ( 2b)  13182 : physics\concrete\concrete_block_impact_hard2.wav
 ( 2b)  13454 : physics\concrete\concrete_block_impact_hard3.wav
 ( 2b)  33950 : player\footsteps\chainlink1.wav
 ( 2b)  24276 : player\footsteps\chainlink3.wav
 ( 2b)  54180 : player\footsteps\chainlink2.wav
 ( 2b)  33950 : player\footsteps\chainlink4.wav
 ( 2b)  60924 : physics\metal\metal_chainlink_impact_soft1.wav
 ( 2b)  37250 : physics\metal\metal_chainlink_impact_soft2.wav
 ( 2b)  82182 : physics\metal\metal_chainlink_impact_soft3.wav
 ( 2b)  64514 : physics\metal\metal_chainlink_impact_hard1.wav
 ( 2b)  76810 : physics\metal\metal_chainlink_impact_hard2.wav
 ( 2b)  75780 : physics\metal\metal_chainlink_impact_hard3.wav
L( 1b) 111388 : physics\metal\metal_chainlink_scrape_rough_loop1.wav
 ( 2b)  22912 : physics\flesh\flesh_impact_hard1.wav
 ( 2b)  19048 : physics\body\body_medium_impact_soft3.wav
 ( 2b)  17186 : physics\flesh\flesh_impact_hard2.wav
 ( 2b)  21694 : physics\body\body_medium_impact_soft4.wav
 ( 2b)  16624 : physics\body\body_medium_impact_soft1.wav
 ( 2b)  24720 : physics\body\body_medium_impact_soft2.wav
 ( 2b)  22292 : physics\body\body_medium_impact_soft5.wav
 ( 2b)  17780 : physics\body\body_medium_impact_soft6.wav
 ( 2b)  30720 : physics\body\body_medium_impact_soft7.wav
L( 2b)  90856 : physics\body\body_medium_scrape_smooth_loop1.wav
 ( 1b) 158720 : physics\body\body_medium_scrape_rough_loop1.wav
 ( 2b)  18184 : physics\flesh\flesh_impact_bullet1.wav
 ( 2b)  31802 : physics\flesh\flesh_impact_bullet2.wav
 ( 2b)  26666 : physics\flesh\flesh_impact_bullet3.wav
 ( 2b)  15268 : physics\flesh\flesh_impact_bullet4.wav
 ( 2b)  18976 : physics\flesh\flesh_impact_bullet5.wav
 ( 2b)  82560 : physics\body\body_medium_break2.wav
 ( 2b)  48512 : physics\body\body_medium_break3.wav
 ( 2b)  51456 : physics\body\body_medium_break4.wav
 ( 2b)  22592 : physics\flesh\flesh_squishy_impact_hard1.wav
 ( 2b)  22656 : physics\flesh\flesh_squishy_impact_hard2.wav
 ( 2b)  44800 : physics\flesh\flesh_squishy_impact_hard3.wav
 ( 2b)  24256 : physics\flesh\flesh_squishy_impact_hard4.wav
 ( 2b)  29704 : player\footsteps\sand1.wav
 ( 2b)  39364 : player\footsteps\sand2.wav
 ( 2b)  24098 : player\footsteps\sand3.wav
 ( 2b)  30476 : player\footsteps\sand4.wav
L( 2b)  54654 : physics\flesh\flesh_scrape_rough_loop.wav
 ( 2b)  44978 : physics\plaster\drywall_footstep1.wav
 ( 2b)  44992 : physics\plaster\drywall_footstep3.wav
 ( 2b)  37250 : physics\plaster\drywall_footstep2.wav
 ( 2b)  55658 : physics\plaster\drywall_footstep4.wav
 ( 2b)  71968 : physics\plaster\drywall_impact_soft1.wav
 ( 2b)  36342 : physics\plaster\drywall_impact_soft2.wav
 ( 2b)  58830 : physics\plaster\drywall_impact_soft3.wav
 ( 2b)  69114 : physics\plaster\drywall_impact_hard1.wav
 ( 2b)  43634 : physics\plaster\drywall_impact_hard2.wav
 ( 2b)  38784 : physics\plaster\drywall_impact_hard3.wav
L( 1b)  96263 : physics\plaster\ceiling_tile_scrape_smooth_loop1.wav
 ( 2b)  59874 : physics\cardboard\cardboard_box_break1.wav
 ( 2b)  46846 : physics\cardboard\cardboard_box_break2.wav
 ( 2b)  42326 : physics\cardboard\cardboard_box_break3.wav
 ( 2b)  29822 : physics\cardboard\cardboard_box_impact_soft1.wav
 ( 2b)  23422 : physics\cardboard\cardboard_box_impact_soft2.wav
 ( 2b)  25386 : physics\cardboard\cardboard_box_impact_soft3.wav
 ( 2b)  23972 : physics\cardboard\cardboard_box_impact_soft4.wav
 ( 2b)  40128 : physics\cardboard\cardboard_box_impact_soft5.wav
 ( 2b)  54900 : physics\cardboard\cardboard_box_impact_soft6.wav
 ( 2b)  23344 : physics\cardboard\cardboard_box_impact_soft7.wav
 ( 2b)  43144 : physics\cardboard\cardboard_box_impact_hard1.wav
 ( 2b)  34182 : physics\cardboard\cardboard_box_impact_hard2.wav
 ( 2b)  24666 : physics\cardboard\cardboard_box_impact_hard3.wav
 ( 2b)  24132 : physics\cardboard\cardboard_box_impact_hard4.wav
 ( 2b)  29624 : physics\cardboard\cardboard_box_impact_hard5.wav
 ( 2b)  61190 : physics\cardboard\cardboard_box_impact_hard6.wav
 ( 2b)  28626 : physics\cardboard\cardboard_box_impact_hard7.wav
L( 1b) 167959 : physics\cardboard\cardboard_box_scrape_smooth_loop1.wav
 ( 2b)  27916 : physics\cardboard\cardboard_box_impact_bullet1.wav
 ( 2b)  30754 : physics\cardboard\cardboard_box_impact_bullet2.wav
 ( 2b)  23676 : physics\cardboard\cardboard_box_impact_bullet3.wav
 ( 2b)  14780 : physics\cardboard\cardboard_box_impact_bullet4.wav
 ( 2b)  17328 : physics\cardboard\cardboard_box_impact_bullet5.wav
 ( 2b)  11438 : physics\plastic\plastic_barrel_impact_soft1.wav
 ( 2b)   7486 : physics\plastic\plastic_barrel_impact_soft2.wav
 ( 2b)  14718 : physics\plastic\plastic_barrel_impact_soft3.wav
 ( 2b)  31708 : physics\plastic\plastic_barrel_impact_soft4.wav
 ( 2b)  19766 : physics\plastic\plastic_barrel_impact_soft5.wav
 ( 2b)  22968 : physics\plastic\plastic_barrel_impact_soft6.wav
 ( 2b)  25200 : physics\plastic\plastic_barrel_impact_hard1.wav
 ( 2b)  19184 : physics\plastic\plastic_barrel_impact_hard2.wav
 ( 2b)  20206 : physics\plastic\plastic_barrel_impact_hard3.wav
 ( 2b)  23728 : physics\plastic\plastic_barrel_impact_hard4.wav
L( 2b) 278552 : physics\plastic\plastic_barrel_scrape_smooth_loop1.wav
L( 2b) 381526 : physics\plastic\plastic_barrel_scrape_rough_loop1.wav
 ( 2b)  24766 : physics\plastic\plastic_barrel_impact_bullet1.wav
 ( 2b)  18904 : physics\plastic\plastic_barrel_impact_bullet2.wav
 ( 2b)  25896 : physics\plastic\plastic_barrel_impact_bullet3.wav
 ( 2b) 113826 : physics\plastic\plastic_barrel_break1.wav
 ( 2b) 109188 : physics\plastic\plastic_barrel_break2.wav
 ( 2b)  10772 : physics\plastic\plastic_box_impact_soft1.wav
 ( 2b)  26368 : physics\plastic\plastic_box_impact_hard4.wav
L( 1b) 219648 : physics\plastic\plastic_box_scrape_rough_loop1.wav
 ( 2b)  22976 : physics\plastic\plastic_box_impact_bullet4.wav
 ( 2b)  30592 : physics\plastic\plastic_box_impact_bullet5.wav
 ( 2b)  73600 : physics\plastic\plastic_box_break1.wav
 ( 2b)  63488 : physics\plastic\plastic_box_break2.wav
 ( 2b)  67650 : physics\rubber\rubber_tire_impact_soft1.wav
 ( 2b)  42658 : physics\rubber\rubber_tire_impact_hard3.wav
 ( 2b)  19948 : physics\rubber\rubber_tire_impact_bullet1.wav
 ( 2b)  44058 : physics\rubber\rubber_tire_impact_soft2.wav
 ( 2b)  50094 : physics\rubber\rubber_tire_impact_soft3.wav
 ( 2b)  63504 : physics\rubber\rubber_tire_impact_hard1.wav
 ( 2b)  46208 : physics\rubber\rubber_tire_impact_hard2.wav
 ( 2b)  31694 : physics\rubber\rubber_tire_impact_bullet2.wav
 ( 2b)  29700 : physics\rubber\rubber_tire_impact_bullet3.wav
 ( 2b)  21518 : physics\glass\glass_impact_soft1.wav
 ( 2b)  23424 : physics\glass\glass_impact_soft2.wav
 ( 2b)  14702 : physics\glass\glass_impact_soft3.wav
 ( 2b)  21032 : physics\glass\glass_bottle_impact_hard1.wav
 ( 2b)  22846 : physics\glass\glass_bottle_impact_hard2.wav
 ( 2b)  24926 : physics\glass\glass_bottle_impact_hard3.wav
 ( 2b) 113198 : physics\glass\glass_bottle_break1.wav
 ( 2b) 104466 : physics\glass\glass_bottle_break2.wav
 ( 2b)  15652 : physics\glass\glass_impact_hard1.wav
 ( 2b)  12628 : physics\glass\glass_impact_hard2.wav
 ( 2b)  20654 : physics\glass\glass_impact_hard3.wav
 ( 2b)  93784 : physics\glass\glass_pottery_break1.wav
 ( 2b)  86658 : physics\glass\glass_pottery_break2.wav
 ( 2b) 128200 : physics\glass\glass_pottery_break3.wav
 ( 2b)  39798 : physics\metal\metal_grenade_impact_soft2.wav
 ( 2b)  27240 : physics\metal\metal_grenade_impact_soft3.wav
 ( 2b)  23870 : physics\metal\metal_grenade_impact_soft1.wav
 ( 2b)  18318 : physics\metal\metal_grenade_impact_hard1.wav
 ( 2b)  19038 : physics\metal\metal_grenade_impact_hard2.wav
 ( 2b)   6040 : physics\metal\metal_grenade_impact_hard3.wav
L( 2b) 166452 : physics\metal\metal_grenade_scrape_smooth_loop1.wav
L( 2b) 335894 : physics\metal\metal_grenade_scrape_rough_loop1.wav
 ( 2b)  39296 : physics\metal\metal_canister_impact_soft1.wav
 ( 2b)  36482 : physics\metal\metal_canister_impact_soft2.wav
 ( 2b)  39104 : physics\metal\metal_canister_impact_soft3.wav
 ( 2b)  16320 : physics\metal\metal_canister_impact_hard1.wav
 ( 2b)  19970 : physics\metal\metal_canister_impact_hard2.wav
 ( 2b)  19600 : physics\metal\metal_canister_impact_hard3.wav
L( 1b) 104952 : physics\metal\canister_scrape_smooth_loop1.wav
L( 1b) 116232 : physics\metal\canister_scrape_rough_loop1.wav
 ( 2b)  64986 : physics\metal\metal_barrel_impact_soft1.wav
 ( 2b)  64768 : physics\metal\metal_barrel_impact_soft2.wav
 ( 2b)  62394 : physics\metal\metal_barrel_impact_soft3.wav
 ( 2b)  41124 : physics\metal\metal_barrel_impact_hard7.wav
 ( 2b)  53376 : physics\metal\metal_barrel_impact_hard1.wav
 ( 2b)  43648 : physics\metal\metal_barrel_impact_hard2.wav
 ( 2b)  49408 : physics\metal\metal_barrel_impact_hard3.wav
 ( 2b)   7184 : physics\metal\soda_can_impact_soft1.wav
 ( 2b)  14920 : physics\metal\soda_can_impact_soft2.wav
 ( 2b)  14046 : physics\metal\soda_can_impact_soft3.wav
 ( 2b)  19666 : physics\metal\soda_can_impact_hard1.wav
 ( 2b)  12628 : physics\metal\soda_can_impact_hard2.wav
 ( 2b)  20604 : physics\metal\soda_can_impact_hard3.wav
L( 1b) 171189 : physics\metal\soda_can_scrape_rough_loop1.wav
 ( 2b)  13544 : physics\metal\paintcan_impact_soft1.wav
 ( 2b)  34738 : physics\metal\paintcan_impact_soft2.wav
 ( 2b)  37994 : physics\metal\paintcan_impact_soft3.wav
 ( 2b)  23280 : physics\metal\paintcan_impact_hard1.wav
 ( 2b)  24834 : physics\metal\paintcan_impact_hard2.wav
 ( 2b)  30640 : physics\metal\paintcan_impact_hard3.wav
 ( 2b)  36544 : physics\cardboard\cardboard_cup_impact_hard1.wav
 ( 2b)  21376 : physics\cardboard\cardboard_cup_impact_hard2.wav
 ( 2b)  32318 : physics\cardboard\cardboard_cup_impact_hard3.wav
 ( 2b)  60926 : physics\plaster\ceiling_tile_step1.wav
 ( 2b)  26532 : physics\plaster\ceiling_tile_step3.wav
 ( 2b)  32656 : physics\plaster\ceiling_tile_step2.wav
 ( 2b)  18208 : physics\plaster\ceiling_tile_step4.wav
 ( 2b)  39742 : physics\plaster\ceiling_tile_impact_soft1.wav
 ( 2b)  37390 : physics\plaster\ceiling_tile_impact_soft2.wav
 ( 2b)  40836 : physics\plaster\ceiling_tile_impact_soft3.wav
 ( 2b)  26094 : physics\plaster\ceiling_tile_impact_hard1.wav
 ( 2b)  14030 : physics\plaster\ceiling_tile_impact_hard2.wav
 ( 2b)  27922 : physics\plaster\ceiling_tile_impact_hard3.wav
 ( 2b)  46554 : physics\plaster\ceiling_tile_impact_bullet1.wav
 ( 2b)  55814 : physics\plaster\ceiling_tile_impact_bullet2.wav
 ( 2b)  36466 : physics\plaster\ceiling_tile_impact_bullet3.wav
 ( 1b)  10089 : physics\plaster\ceilingtile_break1.wav
 ( 1b)  11077 : physics\plaster\ceilingtile_break2.wav
 ( 2b)  33030 : physics\metal\weapon_footstep1.wav
 ( 2b)  30998 : physics\metal\weapon_footstep2.wav
 ( 2b)  30752 : physics\metal\weapon_impact_soft1.wav
 ( 2b)  25868 : physics\metal\weapon_impact_soft2.wav
 ( 2b)  16268 : physics\metal\weapon_impact_soft3.wav
 ( 2b)  42348 : physics\metal\weapon_impact_hard1.wav
 ( 2b)  50186 : physics\metal\weapon_impact_hard2.wav
 ( 2b)  42380 : physics\metal\weapon_impact_hard3.wav
 ( 2b)  81670 : vehicles\v8\vehicle_impact_medium1.wav
 ( 2b)  30464 : vehicles\v8\vehicle_impact_medium2.wav
 ( 2b)  62490 : vehicles\v8\vehicle_impact_medium3.wav
 ( 2b)  31998 : vehicles\v8\vehicle_impact_medium4.wav
 ( 2b) 145836 : vehicles\v8\vehicle_impact_heavy1.wav
 ( 2b) 107136 : vehicles\v8\vehicle_impact_heavy2.wav
 ( 2b)  84034 : vehicles\v8\vehicle_impact_heavy3.wav
 ( 2b)  71870 : vehicles\v8\vehicle_impact_heavy4.wav
 ( 2b) 195658 : vehicles\v8\vehicle_rollover1.wav
 ( 2b) 160770 : vehicles\v8\vehicle_rollover2.wav
 ( 2b)  57024 : weapons\crowbar\crowbar_impact1.wav
 ( 2b)  48926 : weapons\crowbar\crowbar_impact2.wav
 ( 2b)  90112 : doors\heavy_metal_stop1.wav
 ( 2b)  11708 : physics\flesh\flesh_strider_impact_bullet1.wav
 ( 2b)  15358 : physics\flesh\flesh_strider_impact_bullet2.wav
 ( 2b)   9086 : physics\flesh\flesh_strider_impact_bullet3.wav
 ( 2b)  31110 : npc\combine_soldier\die1.wav
 ( 1b)  28192 : npc\crow\die1.wav
 ( 2b)  44036 : npc\combine_soldier\die2.wav
 ( 1b)  26580 : npc\crow\die2.wav
 ( 2b)  35232 : npc\combine_soldier\die3.wav
 ( 1b)  16285 : items\suitchargeok1.wav
 ( 2b)  40842 : player\pl_fallpain1.wav
 ( 2b)  62510 : player\pl_fallpain3.wav
 ( 2b) 119798 : player\footsteps\wade5.wav
 ( 2b) 138742 : player\footsteps\wade6.wav
 ( 2b) 147458 : player\footsteps\wade7.wav
 ( 2b) 137220 : player\footsteps\wade8.wav
 ( 4b) 133080 : items\ammo_pickup.wav
 ( 1b)   3700 : common\wpn_denyselect.wav
 ( 1b)   2860 : common\wpn_select.wav
 ( 1b)   5092 : common\wpn_hudoff.wav
 ( 1b)   4914 : common\wpn_moveselect.wav
 ( 4b) 118116 : weapons\fx\rics\ric1.wav
 ( 4b) 110884 : weapons\fx\rics\ric2.wav
 ( 4b)  99216 : weapons\fx\rics\ric3.wav
 ( 4b) 136236 : weapons\fx\rics\ric4.wav
 ( 4b)  73164 : weapons\fx\rics\ric5.wav
 ( 2b)  49000 : weapons\fx\tink\shotgun_shell1.wav
 ( 2b)  47872 : weapons\fx\tink\shotgun_shell2.wav
 ( 2b)  50304 : weapons\fx\tink\shotgun_shell3.wav
 ( 2b)  60046 : player\pl_shell1.wav
 ( 2b)  51064 : player\pl_shell2.wav
 ( 2b)  29312 : player\pl_shell3.wav
 ( 2b) 109294 : physics\concrete\concrete_break2.wav
 ( 1b)   3064 : common\warning.wav
 ( 1b)   5559 : npc\antlion\shell_impact1.wav
 ( 1b)   9839 : npc\antlion\shell_impact2.wav
 ( 1b)   7839 : npc\antlion\shell_impact3.wav
 ( 1b)   5471 : npc\antlion\shell_impact4.wav
 ( 2b)  45822 : weapons\rpg\shotdown.wav
 ( 4b)  23816 : >weapons\fx\nearmiss\bulletltor03.wav
 ( 4b)  57868 : >weapons\fx\nearmiss\bulletltor04.wav
 ( 4b)  52384 : >weapons\fx\nearmiss\bulletltor06.wav
 ( 4b)  46476 : >weapons\fx\nearmiss\bulletltor07.wav
 ( 4b) 108296 : >weapons\fx\nearmiss\bulletltor09.wav
 ( 4b)  40224 : >weapons\fx\nearmiss\bulletltor10.wav
 ( 4b)  52984 : >weapons\fx\nearmiss\bulletltor13.wav
 ( 4b)  33676 : >weapons\fx\nearmiss\bulletltor14.wav
 ( 4b)  57344 : >weapons\fx\nearmiss\bulletltor05.wav
 ( 4b)  58968 : >weapons\fx\nearmiss\bulletltor11.wav
 ( 4b)  64244 : >weapons\fx\nearmiss\bulletltor12.wav
 ( 1b)   3123 : player\geiger2.wav
 ( 1b)   3184 : player\geiger3.wav
 ( 1b)    440 : player\geiger1.wav
 ( 1b)  18656 : weapons\stunstick\stunstick_swing1.wav
 ( 1b)  20800 : weapons\stunstick\stunstick_swing2.wav
 ( 2b)  24574 : weapons\stunstick\stunstick_fleshhit1.wav
 ( 2b)  32768 : weapons\stunstick\stunstick_fleshhit2.wav
 ( 2b)  32768 : weapons\stunstick\stunstick_impact1.wav
 ( 2b)  24574 : weapons\stunstick\stunstick_impact2.wav
 ( 2b)  20486 : weapons\stunstick\spark1.wav
 ( 2b)  20738 : weapons\stunstick\spark2.wav
 ( 2b)  23836 : weapons\stunstick\spark3.wav
 ( 4b)   6768 : weapons\pistol\pistol_empty.wav
 ( 4b)  90636 : ^weapons\smg1\npc_smg1_fire1.wav
 ( 4b) 162700 : weapons\ar2\ar2_altfire.wav
 ( 4b) 222008 : weapons\smg1\smg1_reload.wav
 ( 2b)   4958 : weapons\smg1\switch_single.wav
 ( 2b)  15582 : weapons\smg1\switch_burst.wav
 ( 4b)  33240 : weapons\shotgun\shotgun_empty.wav
 ( 2b)  86244 : weapons\shotgun\shotgun_fire7.wav
 ( 2b)  89826 : weapons\shotgun\shotgun_fire6.wav
 ( 2b)  89918 : weapons\shotgun\shotgun_dbl_fire7.wav
 ( 4b)  88388 : weapons\shotgun\shotgun_reload1.wav
 ( 4b)  77884 : weapons\shotgun\shotgun_reload2.wav
 ( 4b) 102300 : weapons\shotgun\shotgun_reload3.wav
 ( 4b) 105512 : weapons\shotgun\shotgun_cock.wav
 ( 4b) 192528 : weapons\rpg\rocketfire1.wav
 ( 1b)   3473 : weapons\sniper\sniper_zoomin.wav
 ( 1b)   3473 : weapons\sniper\sniper_zoomout.wav
L( 1b)  54997 : weapons\rpg\rocket1.wav
 ( 4b) 106532 : ^weapons\pistol\pistol_fire3.wav
 ( 4b)  74700 : ^weapons\smg1\smg1_fireburst1.wav
L( 4b) 107904 : weapons\physcannon\hold_loop.wav
 ( 1b)  29382 : weapons\physgun_off.wav
 ( 4b)  24540 : weapons\physcannon\physcannon_dryfire.wav
 ( 4b) 223252 : weapons\physcannon\superphys_launch1.wav
 ( 4b) 391460 : weapons\physcannon\superphys_launch2.wav
 ( 4b) 376076 : weapons\physcannon\superphys_launch3.wav
 ( 4b) 316216 : weapons\physcannon\superphys_launch4.wav
 ( 4b) 185848 : weapons\physcannon\physcannon_pickup.wav
 ( 4b)  97008 : weapons\physcannon\physcannon_drop.wav
L( 4b) 215808 : weapons\physcannon\superphys_hold_loop.wav
 ( 2b)  51204 : weapons\physcannon\superphys_small_zap1.wav
 ( 2b)  40968 : weapons\physcannon\superphys_small_zap2.wav
 ( 2b)  43016 : weapons\physcannon\superphys_small_zap3.wav
 ( 2b)  40970 : weapons\physcannon\superphys_small_zap4.wav
 ( 4b) 309972 : weapons\physcannon\physcannon_charge.wav
 ( 4b) 132604 : weapons\physcannon\physcannon_claws_close.wav
 ( 4b) 248348 : weapons\physcannon\physcannon_claws_open.wav
 ( 4b) 155988 : weapons\physcannon\physcannon_tooheavy.wav
 ( 1b)   1103 : common\null.wav
 ( 1b)   2448 : weapons\slam\throw.wav
 ( 2b)   2924 : weapons\grenade\tick1.wav
 ( 1b)  13971 : weapons\debris1.wav
 ( 1b)   9999 : weapons\debris2.wav
 ( 1b)  29922 : weapons\debris3.wav
 ( 1b)   3536 : weapons\iceaxe\iceaxe_swing1.wav
 ( 1b)   6720 : weapons\crossbow\hitbod1.wav
 ( 1b)   3882 : weapons\crossbow\hitbod2.wav
 ( 1b)   8875 : weapons\crossbow\hit1.wav
 ( 2b) 151554 : weapons\crossbow\bolt_skewer1.wav
 ( 1b)  12637 : weapons\crossbow\reload1.wav
 ( 2b) 160654 : weapons\crossbow\bolt_load1.wav
 ( 2b) 152716 : weapons\crossbow\bolt_load2.wav
 ( 4b)  62632 : weapons\crossbow\bolt_fly4.wav
 ( 2b) 144568 : weapons\bugbait\bugbait_impact1.wav
 ( 2b) 178228 : weapons\bugbait\bugbait_impact3.wav
 ( 2b)  67158 : weapons\bugbait\bugbait_squeeze1.wav
 ( 2b)  51904 : weapons\bugbait\bugbait_squeeze2.wav
 ( 2b)  60080 : weapons\bugbait\bugbait_squeeze3.wav
 ( 4b)  77820 : weapons\ar2\ar2_reload_rotate.wav
 ( 2b)  38456 : weapons\ar2\ar2_reload_push.wav
 ( 4b)   6396 : weapons\ar2\ar2_empty.wav
 ( 4b)  93400 : ^weapons\ar1\ar1_dist1.wav
 ( 4b) 258572 : weapons\irifle\irifle_fire2.wav
 ( 2b)  42786 : weapons\ar2\npc_ar2_altfire.wav
 ( 4b) 324404 : weapons\ar2\ar2_reload.wav
 ( 1b)  62812 : weapons\ar2\npc_ar2_reload.wav
 ( 4b) 107608 : weapons\cguard\charging.wav
 ( 2b)  78880 : weapons\physcannon\energy_sing_flyby1.wav
 ( 2b) 107196 : weapons\physcannon\energy_sing_flyby2.wav
 ( 2b) 227408 : weapons\physcannon\energy_disintegrate4.wav
 ( 2b) 222700 : weapons\physcannon\energy_disintegrate5.wav
 ( 4b) 277596 : weapons\physcannon\energy_sing_explosion2.wav
 ( 2b)  30756 : weapons\physcannon\energy_bounce1.wav
 ( 2b)  27356 : weapons\physcannon\energy_bounce2.wav
L( 2b) 150188 : weapons\physcannon\energy_sing_loop4.wav
 ( 2b)  51926 : weapons\357\357_reload1.wav
 ( 2b)  60004 : weapons\357\357_reload4.wav
 ( 2b)  57412 : weapons\357\357_reload3.wav
 ( 2b)  34956 : weapons\357\357_spin1.wav
 ( 4b) 147076 : weapons\357\357_fire2.wav
 ( 4b) 147076 : weapons\357\357_fire3.wav
 ( 1b)  16816 : items\smallmedkit1.wav
 ( 2b)  53606 : items\battery_pickup.wav
 ( 2b)  25632 : player\pl_pain5.wav
 ( 2b)  37922 : player\pl_pain6.wav
 ( 2b)  29064 : player\pl_pain7.wav
L( 1b)  26881 : player\general\flesh_burn.wav
 ( 2b)  74498 : player\pl_drown1.wav
 ( 2b)  85762 : player\pl_drown2.wav
 ( 2b)  95756 : player\pl_drown3.wav
L( 2b) 109056 : ambient\water\underwater.wav
 ( 1b)   3700 : player\suit_denydevice.wav
 ( 2b)  22502 : player\suit_sprint.wav
 ( 2b)   6032 : items\flashlight1.wav
 ( 2b)  60328 : plats\train_use1.wav
 ( 2b)  53258 : player\pl_burnpain1.wav
 ( 2b)  63118 : player\pl_burnpain2.wav
 ( 2b)  70654 : player\pl_burnpain3.wav
 ( 1b)   9995 : player\sprayer.wav
L( 1b) 141305 : npc\headcrab\headcrab_burning_loop2.wav
L( 1b) 182246 : ambient\fire\fire_small_loop2.wav
 ( 4b) 163940 : #physics\surfaces\underwater_impact_bullet1.wav
 ( 4b) 157716 : #physics\surfaces\underwater_impact_bullet2.wav
 ( 4b) 148876 : #physics\surfaces\underwater_impact_bullet3.wav
 ( 2b) 115228 : ambient\water\water_splash1.wav
 ( 2b) 147242 : ambient\water\water_splash2.wav
 ( 2b) 192682 : ambient\water\water_splash3.wav
 ( 4b) 205692 : ^weapons\explode3.wav
 ( 4b) 217120 : ^weapons\explode4.wav
 ( 4b) 393424 : ^weapons\explode5.wav
 ( 1b)   6625 : ambient\water\water_spray1.wav
 ( 1b)   6625 : ambient\water\water_spray2.wav
 ( 1b)   6625 : ambient\water\water_spray3.wav
 ( 1b)   6032 : npc\zombie\claw_miss2.wav
 ( 2b)  17696 : physics\flesh\flesh_impact_hard3.wav
 ( 2b)  18174 : physics\flesh\flesh_impact_hard4.wav
 ( 2b)  16862 : physics\flesh\flesh_impact_hard5.wav
 ( 2b)  20480 : physics\flesh\flesh_impact_hard6.wav
 ( 2b)  70140 : physics\metal\sawblade_stick1.wav
 ( 2b)  62142 : physics\metal\sawblade_stick2.wav
 ( 2b)  73664 : physics\metal\sawblade_stick3.wav
 ( 2b)  48498 : ambient\fire\gascan_ignite1.wav
 ( 4b)  32236 : ui\buttonrollover.wav
 ( 2b)  28230 : npc\crow\idle3.wav
 ( 2b)  85250 : npc\crow\alert1.wav
 ( 1b)  13573 : npc\crow\pain1.wav
 ( 1b)  13920 : npc\crow\pain2.wav
 ( 2b)  33538 : npc\crow\idle2.wav
 ( 2b)  46274 : npc\crow\idle1.wav
 ( 2b)  88066 : npc\crow\hop1.wav
 ( 2b)  49932 : npc\crow\hop2.wav
 ( 2b)  46274 : npc\crow\crow2.wav
 ( 2b)  33538 : npc\crow\crow3.wav
 ( 2b)   8450 : npc\crow\idle4.wav
 ( 1b)  15270 : npc\crow\alert2.wav
 ( 1b)  15238 : npc\crow\alert3.wav
L( 2b) 126048 : npc\crow\flap2.wav
 ( 2b)  30746 : ambient\creatures\seagull_pain1.wav
 ( 2b)  19350 : ambient\creatures\seagull_pain2.wav
 ( 2b)  14092 : ambient\creatures\seagull_pain3.wav
 ( 2b) 151586 : ambient\creatures\seagull_idle1.wav
 ( 2b) 187930 : ambient\creatures\seagull_idle2.wav
 ( 2b)  37976 : ambient\creatures\seagull_idle3.wav
 ( 2b)  42008 : ambient\creatures\pigeon_idle1.wav
 ( 2b)  31552 : ambient\creatures\pigeon_idle2.wav
 ( 2b)  36246 : ambient\creatures\pigeon_idle3.wav
 ( 2b)  60986 : ambient\creatures\pigeon_idle4.wav
L( 1b)  20776 : weapons\gauss\chargeloop.wav
L( 2b) 171008 : weapons\flaregun\burn.wav
 ( 2b)  22042 : vehicles\atv_ammo_close.wav
 ( 2b)  14634 : vehicles\atv_ammo_open.wav
 ( 2b)  66776 : vehicles\jetski\jetski_no_gas_start.wav
 ( 2b)  33228 : vehicles\jetski\jetski_off.wav
L( 2b) 253276 : vehicles\v8\first.wav
L( 2b) 606448 : vehicles\v8\fourth_cruise_loop2.wav
L( 2b) 304608 : vehicles\v8\second.wav
 ( 2b)  61800 : vehicles\v8\skid_highfriction.wav
 ( 1b)  76707 : vehicles\v8\skid_lowfriction.wav
 ( 1b)  86473 : vehicles\v8\skid_normalfriction.wav
L( 2b) 419110 : vehicles\v8\third.wav
L( 2b) 654596 : vehicles\v8\v8_firstgear_rev_loop1.wav
L( 2b) 380736 : vehicles\v8\v8_idle_loop1.wav
L( 2b) 356840 : vehicles\v8\v8_rev_short_loop1.wav
L( 2b) 542530 : vehicles\v8\v8_start_loop1.wav
 ( 2b)  84228 : vehicles\v8\v8_stop1.wav
L( 2b) 966772 : vehicles\v8\v8_throttle_off_fast_loop1.wav
L( 2b) 825584 : vehicles\v8\v8_throttle_off_slow_loop2.wav
L( 2b) 675710 : vehicles\v8\v8_turbo_on_loop1.wav
Total resident: 210850753
Warning: Deleting orphaned children of prop_vehicle_jeep
Warning: Deleting orphaned children of player
Queued Material System: DISABLED!
Dropped Jill (Spooky!) from server (Server shutting down)
Host_WriteConfiguration: Wrote cfg/config.cfg
CreateEvent: event 'server_shutdown' not registered.
Shutdown function ShutdownMixerControls() not in list!!!
